{"/Users/craigyu/Documents/School/CPSC 310/cpsc310project_team188/src/Util.js":{"path":"/Users/craigyu/Documents/School/CPSC 310/cpsc310project_team188/src/Util.js","statementMap":{"0":{"start":{"line":2,"column":11},"end":{"line":21,"column":3}},"1":{"start":{"line":5,"column":4},"end":{"line":7,"column":6}},"2":{"start":{"line":6,"column":8},"end":{"line":6,"column":71}},"3":{"start":{"line":8,"column":4},"end":{"line":10,"column":6}},"4":{"start":{"line":9,"column":8},"end":{"line":9,"column":71}},"5":{"start":{"line":11,"column":4},"end":{"line":13,"column":6}},"6":{"start":{"line":12,"column":8},"end":{"line":12,"column":73}},"7":{"start":{"line":14,"column":4},"end":{"line":16,"column":6}},"8":{"start":{"line":15,"column":8},"end":{"line":15,"column":73}},"9":{"start":{"line":17,"column":4},"end":{"line":19,"column":6}},"10":{"start":{"line":18,"column":8},"end":{"line":18,"column":71}},"11":{"start":{"line":20,"column":4},"end":{"line":20,"column":15}},"12":{"start":{"line":22,"column":0},"end":{"line":22,"column":62}},"13":{"start":{"line":23,"column":0},"end":{"line":23,"column":22}}},"fnMap":{"0":{"name":"(anonymous_0)","decl":{"start":{"line":2,"column":11},"end":{"line":2,"column":12}},"loc":{"start":{"line":2,"column":23},"end":{"line":21,"column":1}}},"1":{"name":"Log","decl":{"start":{"line":3,"column":13},"end":{"line":3,"column":16}},"loc":{"start":{"line":3,"column":19},"end":{"line":4,"column":5}}},"2":{"name":"(anonymous_2)","decl":{"start":{"line":5,"column":16},"end":{"line":5,"column":17}},"loc":{"start":{"line":5,"column":31},"end":{"line":7,"column":5}}},"3":{"name":"(anonymous_3)","decl":{"start":{"line":8,"column":15},"end":{"line":8,"column":16}},"loc":{"start":{"line":8,"column":30},"end":{"line":10,"column":5}}},"4":{"name":"(anonymous_4)","decl":{"start":{"line":11,"column":15},"end":{"line":11,"column":16}},"loc":{"start":{"line":11,"column":30},"end":{"line":13,"column":5}}},"5":{"name":"(anonymous_5)","decl":{"start":{"line":14,"column":16},"end":{"line":14,"column":17}},"loc":{"start":{"line":14,"column":31},"end":{"line":16,"column":5}}},"6":{"name":"(anonymous_6)","decl":{"start":{"line":17,"column":15},"end":{"line":17,"column":16}},"loc":{"start":{"line":17,"column":30},"end":{"line":19,"column":5}}}},"branchMap":{},"s":{"0":1,"1":1,"2":2,"3":1,"4":0,"5":1,"6":0,"7":1,"8":0,"9":1,"10":2,"11":1,"12":1,"13":1},"f":{"0":1,"1":0,"2":2,"3":0,"4":0,"5":0,"6":2},"b":{},"_coverageSchema":"332fd63041d2c1bcb487cc26dd0d5f7d97098a6c","hash":"8c7e6cb1ae81ba858fb97817a40be8db711e1744","contentHash":"98b08451e4b342b890a115eea4c7e74a_10.0.0"},"/Users/craigyu/Documents/School/CPSC 310/cpsc310project_team188/src/controller/InsightFacade.js":{"path":"/Users/craigyu/Documents/School/CPSC 310/cpsc310project_team188/src/controller/InsightFacade.js","statementMap":{"0":{"start":{"line":2,"column":13},"end":{"line":2,"column":31}},"1":{"start":{"line":3,"column":12},"end":{"line":3,"column":28}},"2":{"start":{"line":4,"column":9},"end":{"line":4,"column":22}},"3":{"start":{"line":5,"column":0},"end":{"line":7,"column":1}},"4":{"start":{"line":6,"column":4},"end":{"line":6,"column":38}},"5":{"start":{"line":8,"column":15},"end":{"line":8,"column":34}},"6":{"start":{"line":9,"column":16},"end":{"line":9,"column":27}},"7":{"start":{"line":10,"column":17},"end":{"line":10,"column":28}},"8":{"start":{"line":11,"column":12},"end":{"line":11,"column":23}},"9":{"start":{"line":12,"column":18},"end":{"line":12,"column":20}},"10":{"start":{"line":14,"column":15},"end":{"line":14,"column":17}},"11":{"start":{"line":15,"column":15},"end":{"line":15,"column":16}},"12":{"start":{"line":16,"column":19},"end":{"line":16,"column":149}},"13":{"start":{"line":17,"column":20},"end":{"line":17,"column":245}},"14":{"start":{"line":18,"column":21},"end":{"line":961,"column":3}},"15":{"start":{"line":20,"column":8},"end":{"line":20,"column":58}},"16":{"start":{"line":22,"column":4},"end":{"line":568,"column":6}},"17":{"start":{"line":24,"column":23},"end":{"line":24,"column":28}},"18":{"start":{"line":25,"column":8},"end":{"line":406,"column":11}},"19":{"start":{"line":26,"column":26},"end":{"line":26,"column":42}},"20":{"start":{"line":27,"column":12},"end":{"line":28,"column":80}},"21":{"start":{"line":28,"column":16},"end":{"line":28,"column":80}},"22":{"start":{"line":29,"column":25},"end":{"line":29,"column":36}},"23":{"start":{"line":30,"column":12},"end":{"line":405,"column":13}},"24":{"start":{"line":31,"column":16},"end":{"line":322,"column":17}},"25":{"start":{"line":32,"column":20},"end":{"line":32,"column":49}},"26":{"start":{"line":33,"column":20},"end":{"line":178,"column":23}},"27":{"start":{"line":35,"column":42},"end":{"line":35,"column":44}},"28":{"start":{"line":36,"column":24},"end":{"line":36,"column":49}},"29":{"start":{"line":37,"column":24},"end":{"line":134,"column":25}},"30":{"start":{"line":38,"column":28},"end":{"line":133,"column":31}},"31":{"start":{"line":39,"column":32},"end":{"line":132,"column":33}},"32":{"start":{"line":40,"column":50},"end":{"line":128,"column":38}},"33":{"start":{"line":41,"column":40},"end":{"line":126,"column":41}},"34":{"start":{"line":42,"column":57},"end":{"line":42,"column":73}},"35":{"start":{"line":43,"column":44},"end":{"line":119,"column":45}},"36":{"start":{"line":44,"column":64},"end":{"line":44,"column":66}},"37":{"start":{"line":45,"column":48},"end":{"line":118,"column":49}},"38":{"start":{"line":46,"column":62},"end":{"line":46,"column":68}},"39":{"start":{"line":47,"column":71},"end":{"line":58,"column":53}},"40":{"start":{"line":59,"column":52},"end":{"line":116,"column":53}},"41":{"start":{"line":60,"column":56},"end":{"line":64,"column":57}},"42":{"start":{"line":61,"column":71},"end":{"line":61,"column":83}},"43":{"start":{"line":62,"column":74},"end":{"line":62,"column":88}},"44":{"start":{"line":63,"column":60},"end":{"line":63,"column":99}},"45":{"start":{"line":65,"column":56},"end":{"line":69,"column":57}},"46":{"start":{"line":66,"column":73},"end":{"line":66,"column":83}},"47":{"start":{"line":67,"column":76},"end":{"line":67,"column":89}},"48":{"start":{"line":68,"column":60},"end":{"line":68,"column":99}},"49":{"start":{"line":70,"column":56},"end":{"line":74,"column":57}},"50":{"start":{"line":71,"column":70},"end":{"line":71,"column":81}},"51":{"start":{"line":72,"column":73},"end":{"line":72,"column":83}},"52":{"start":{"line":73,"column":60},"end":{"line":73,"column":97}},"53":{"start":{"line":75,"column":56},"end":{"line":79,"column":57}},"54":{"start":{"line":76,"column":72},"end":{"line":76,"column":90}},"55":{"start":{"line":77,"column":75},"end":{"line":77,"column":91}},"56":{"start":{"line":78,"column":60},"end":{"line":78,"column":106}},"57":{"start":{"line":80,"column":56},"end":{"line":84,"column":57}},"58":{"start":{"line":81,"column":72},"end":{"line":81,"column":85}},"59":{"start":{"line":82,"column":75},"end":{"line":82,"column":87}},"60":{"start":{"line":83,"column":60},"end":{"line":83,"column":101}},"61":{"start":{"line":85,"column":56},"end":{"line":89,"column":57}},"62":{"start":{"line":86,"column":71},"end":{"line":86,"column":83}},"63":{"start":{"line":87,"column":74},"end":{"line":87,"column":85}},"64":{"start":{"line":88,"column":60},"end":{"line":88,"column":99}},"65":{"start":{"line":90,"column":56},"end":{"line":94,"column":57}},"66":{"start":{"line":91,"column":71},"end":{"line":91,"column":83}},"67":{"start":{"line":92,"column":74},"end":{"line":92,"column":85}},"68":{"start":{"line":93,"column":60},"end":{"line":93,"column":99}},"69":{"start":{"line":95,"column":56},"end":{"line":99,"column":57}},"70":{"start":{"line":96,"column":72},"end":{"line":96,"column":85}},"71":{"start":{"line":97,"column":75},"end":{"line":97,"column":87}},"72":{"start":{"line":98,"column":60},"end":{"line":98,"column":101}},"73":{"start":{"line":100,"column":56},"end":{"line":104,"column":57}},"74":{"start":{"line":101,"column":71},"end":{"line":101,"column":83}},"75":{"start":{"line":102,"column":74},"end":{"line":102,"column":83}},"76":{"start":{"line":103,"column":60},"end":{"line":103,"column":99}},"77":{"start":{"line":105,"column":56},"end":{"line":115,"column":57}},"78":{"start":{"line":106,"column":60},"end":{"line":114,"column":61}},"79":{"start":{"line":107,"column":64},"end":{"line":107,"column":100}},"80":{"start":{"line":110,"column":64},"end":{"line":113,"column":65}},"81":{"start":{"line":111,"column":68},"end":{"line":111,"column":121}},"82":{"start":{"line":117,"column":52},"end":{"line":117,"column":81}},"83":{"start":{"line":122,"column":44},"end":{"line":125,"column":47}},"84":{"start":{"line":127,"column":40},"end":{"line":127,"column":57}},"85":{"start":{"line":129,"column":36},"end":{"line":131,"column":37}},"86":{"start":{"line":130,"column":40},"end":{"line":130,"column":66}},"87":{"start":{"line":135,"column":24},"end":{"line":174,"column":27}},"88":{"start":{"line":136,"column":42},"end":{"line":136,"column":43}},"89":{"start":{"line":137,"column":28},"end":{"line":142,"column":29}},"90":{"start":{"line":138,"column":40},"end":{"line":138,"column":60}},"91":{"start":{"line":139,"column":32},"end":{"line":141,"column":33}},"92":{"start":{"line":140,"column":36},"end":{"line":140,"column":46}},"93":{"start":{"line":143,"column":28},"end":{"line":145,"column":29}},"94":{"start":{"line":144,"column":32},"end":{"line":144,"column":100}},"95":{"start":{"line":146,"column":42},"end":{"line":146,"column":53}},"96":{"start":{"line":147,"column":28},"end":{"line":168,"column":29}},"97":{"start":{"line":148,"column":32},"end":{"line":156,"column":33}},"98":{"start":{"line":149,"column":44},"end":{"line":149,"column":64}},"99":{"start":{"line":150,"column":36},"end":{"line":155,"column":37}},"100":{"start":{"line":151,"column":48},"end":{"line":151,"column":55}},"101":{"start":{"line":152,"column":40},"end":{"line":154,"column":41}},"102":{"start":{"line":153,"column":44},"end":{"line":153,"column":60}},"103":{"start":{"line":159,"column":32},"end":{"line":167,"column":33}},"104":{"start":{"line":160,"column":44},"end":{"line":160,"column":64}},"105":{"start":{"line":161,"column":36},"end":{"line":166,"column":37}},"106":{"start":{"line":162,"column":40},"end":{"line":165,"column":41}},"107":{"start":{"line":163,"column":52},"end":{"line":163,"column":59}},"108":{"start":{"line":164,"column":44},"end":{"line":164,"column":60}},"109":{"start":{"line":169,"column":28},"end":{"line":169,"column":85}},"110":{"start":{"line":170,"column":28},"end":{"line":170,"column":61}},"111":{"start":{"line":173,"column":28},"end":{"line":173,"column":91}},"112":{"start":{"line":177,"column":24},"end":{"line":177,"column":87}},"113":{"start":{"line":181,"column":20},"end":{"line":321,"column":23}},"114":{"start":{"line":183,"column":42},"end":{"line":183,"column":44}},"115":{"start":{"line":184,"column":24},"end":{"line":184,"column":49}},"116":{"start":{"line":185,"column":24},"end":{"line":277,"column":27}},"117":{"start":{"line":186,"column":28},"end":{"line":276,"column":29}},"118":{"start":{"line":187,"column":46},"end":{"line":272,"column":34}},"119":{"start":{"line":188,"column":36},"end":{"line":270,"column":37}},"120":{"start":{"line":189,"column":53},"end":{"line":189,"column":69}},"121":{"start":{"line":190,"column":40},"end":{"line":266,"column":41}},"122":{"start":{"line":191,"column":60},"end":{"line":191,"column":62}},"123":{"start":{"line":192,"column":44},"end":{"line":265,"column":45}},"124":{"start":{"line":193,"column":58},"end":{"line":193,"column":64}},"125":{"start":{"line":194,"column":67},"end":{"line":205,"column":49}},"126":{"start":{"line":206,"column":48},"end":{"line":263,"column":49}},"127":{"start":{"line":207,"column":52},"end":{"line":211,"column":53}},"128":{"start":{"line":208,"column":67},"end":{"line":208,"column":79}},"129":{"start":{"line":209,"column":70},"end":{"line":209,"column":84}},"130":{"start":{"line":210,"column":56},"end":{"line":210,"column":95}},"131":{"start":{"line":212,"column":52},"end":{"line":216,"column":53}},"132":{"start":{"line":213,"column":69},"end":{"line":213,"column":79}},"133":{"start":{"line":214,"column":72},"end":{"line":214,"column":85}},"134":{"start":{"line":215,"column":56},"end":{"line":215,"column":95}},"135":{"start":{"line":217,"column":52},"end":{"line":221,"column":53}},"136":{"start":{"line":218,"column":66},"end":{"line":218,"column":77}},"137":{"start":{"line":219,"column":69},"end":{"line":219,"column":79}},"138":{"start":{"line":220,"column":56},"end":{"line":220,"column":93}},"139":{"start":{"line":222,"column":52},"end":{"line":226,"column":53}},"140":{"start":{"line":223,"column":68},"end":{"line":223,"column":86}},"141":{"start":{"line":224,"column":71},"end":{"line":224,"column":87}},"142":{"start":{"line":225,"column":56},"end":{"line":225,"column":102}},"143":{"start":{"line":227,"column":52},"end":{"line":231,"column":53}},"144":{"start":{"line":228,"column":68},"end":{"line":228,"column":81}},"145":{"start":{"line":229,"column":71},"end":{"line":229,"column":83}},"146":{"start":{"line":230,"column":56},"end":{"line":230,"column":97}},"147":{"start":{"line":232,"column":52},"end":{"line":236,"column":53}},"148":{"start":{"line":233,"column":67},"end":{"line":233,"column":79}},"149":{"start":{"line":234,"column":70},"end":{"line":234,"column":81}},"150":{"start":{"line":235,"column":56},"end":{"line":235,"column":95}},"151":{"start":{"line":237,"column":52},"end":{"line":241,"column":53}},"152":{"start":{"line":238,"column":67},"end":{"line":238,"column":79}},"153":{"start":{"line":239,"column":70},"end":{"line":239,"column":81}},"154":{"start":{"line":240,"column":56},"end":{"line":240,"column":95}},"155":{"start":{"line":242,"column":52},"end":{"line":246,"column":53}},"156":{"start":{"line":243,"column":68},"end":{"line":243,"column":81}},"157":{"start":{"line":244,"column":71},"end":{"line":244,"column":83}},"158":{"start":{"line":245,"column":56},"end":{"line":245,"column":97}},"159":{"start":{"line":247,"column":52},"end":{"line":251,"column":53}},"160":{"start":{"line":248,"column":67},"end":{"line":248,"column":79}},"161":{"start":{"line":249,"column":70},"end":{"line":249,"column":79}},"162":{"start":{"line":250,"column":56},"end":{"line":250,"column":95}},"163":{"start":{"line":252,"column":52},"end":{"line":262,"column":53}},"164":{"start":{"line":253,"column":56},"end":{"line":261,"column":57}},"165":{"start":{"line":254,"column":60},"end":{"line":254,"column":96}},"166":{"start":{"line":257,"column":60},"end":{"line":260,"column":61}},"167":{"start":{"line":258,"column":64},"end":{"line":258,"column":117}},"168":{"start":{"line":264,"column":48},"end":{"line":264,"column":77}},"169":{"start":{"line":269,"column":40},"end":{"line":269,"column":120}},"170":{"start":{"line":271,"column":36},"end":{"line":271,"column":53}},"171":{"start":{"line":273,"column":32},"end":{"line":275,"column":33}},"172":{"start":{"line":274,"column":36},"end":{"line":274,"column":62}},"173":{"start":{"line":278,"column":24},"end":{"line":317,"column":27}},"174":{"start":{"line":279,"column":42},"end":{"line":279,"column":43}},"175":{"start":{"line":280,"column":28},"end":{"line":285,"column":29}},"176":{"start":{"line":281,"column":40},"end":{"line":281,"column":60}},"177":{"start":{"line":282,"column":32},"end":{"line":284,"column":33}},"178":{"start":{"line":283,"column":36},"end":{"line":283,"column":46}},"179":{"start":{"line":286,"column":28},"end":{"line":288,"column":29}},"180":{"start":{"line":287,"column":32},"end":{"line":287,"column":100}},"181":{"start":{"line":289,"column":42},"end":{"line":289,"column":53}},"182":{"start":{"line":290,"column":28},"end":{"line":311,"column":29}},"183":{"start":{"line":291,"column":32},"end":{"line":299,"column":33}},"184":{"start":{"line":292,"column":44},"end":{"line":292,"column":64}},"185":{"start":{"line":293,"column":36},"end":{"line":298,"column":37}},"186":{"start":{"line":294,"column":48},"end":{"line":294,"column":55}},"187":{"start":{"line":295,"column":40},"end":{"line":297,"column":41}},"188":{"start":{"line":296,"column":44},"end":{"line":296,"column":60}},"189":{"start":{"line":302,"column":32},"end":{"line":310,"column":33}},"190":{"start":{"line":303,"column":44},"end":{"line":303,"column":64}},"191":{"start":{"line":304,"column":36},"end":{"line":309,"column":37}},"192":{"start":{"line":305,"column":40},"end":{"line":308,"column":41}},"193":{"start":{"line":306,"column":52},"end":{"line":306,"column":59}},"194":{"start":{"line":307,"column":44},"end":{"line":307,"column":60}},"195":{"start":{"line":312,"column":28},"end":{"line":312,"column":85}},"196":{"start":{"line":313,"column":28},"end":{"line":313,"column":61}},"197":{"start":{"line":316,"column":28},"end":{"line":316,"column":91}},"198":{"start":{"line":320,"column":24},"end":{"line":320,"column":87}},"199":{"start":{"line":324,"column":17},"end":{"line":405,"column":13}},"200":{"start":{"line":326,"column":29},"end":{"line":326,"column":46}},"201":{"start":{"line":327,"column":32},"end":{"line":327,"column":33}},"202":{"start":{"line":328,"column":16},"end":{"line":334,"column":17}},"203":{"start":{"line":329,"column":20},"end":{"line":329,"column":36}},"204":{"start":{"line":330,"column":20},"end":{"line":330,"column":49}},"205":{"start":{"line":333,"column":20},"end":{"line":333,"column":36}},"206":{"start":{"line":335,"column":16},"end":{"line":401,"column":19}},"207":{"start":{"line":337,"column":20},"end":{"line":337,"column":39}},"208":{"start":{"line":338,"column":20},"end":{"line":338,"column":67}},"209":{"start":{"line":341,"column":20},"end":{"line":341,"column":59}},"210":{"start":{"line":344,"column":20},"end":{"line":344,"column":49}},"211":{"start":{"line":347,"column":20},"end":{"line":367,"column":21}},"212":{"start":{"line":348,"column":51},"end":{"line":348,"column":53}},"213":{"start":{"line":349,"column":24},"end":{"line":362,"column":25}},"214":{"start":{"line":350,"column":37},"end":{"line":350,"column":43}},"215":{"start":{"line":351,"column":28},"end":{"line":361,"column":29}},"216":{"start":{"line":352,"column":32},"end":{"line":360,"column":33}},"217":{"start":{"line":353,"column":47},"end":{"line":353,"column":53}},"218":{"start":{"line":354,"column":36},"end":{"line":359,"column":37}},"219":{"start":{"line":357,"column":52},"end":{"line":357,"column":83}},"220":{"start":{"line":358,"column":40},"end":{"line":358,"column":73}},"221":{"start":{"line":363,"column":24},"end":{"line":363,"column":52}},"222":{"start":{"line":366,"column":24},"end":{"line":366,"column":83}},"223":{"start":{"line":370,"column":38},"end":{"line":370,"column":40}},"224":{"start":{"line":371,"column":20},"end":{"line":371,"column":102}},"225":{"start":{"line":372,"column":20},"end":{"line":377,"column":23}},"226":{"start":{"line":373,"column":38},"end":{"line":373,"column":80}},"227":{"start":{"line":374,"column":24},"end":{"line":376,"column":25}},"228":{"start":{"line":375,"column":28},"end":{"line":375,"column":54}},"229":{"start":{"line":378,"column":20},"end":{"line":396,"column":23}},"230":{"start":{"line":379,"column":24},"end":{"line":381,"column":25}},"231":{"start":{"line":380,"column":28},"end":{"line":380,"column":80}},"232":{"start":{"line":382,"column":36},"end":{"line":382,"column":57}},"233":{"start":{"line":383,"column":36},"end":{"line":383,"column":47}},"234":{"start":{"line":384,"column":24},"end":{"line":386,"column":25}},"235":{"start":{"line":385,"column":28},"end":{"line":385,"column":68}},"236":{"start":{"line":387,"column":24},"end":{"line":389,"column":27}},"237":{"start":{"line":388,"column":28},"end":{"line":388,"column":61}},"238":{"start":{"line":390,"column":24},"end":{"line":390,"column":79}},"239":{"start":{"line":391,"column":24},"end":{"line":391,"column":63}},"240":{"start":{"line":394,"column":24},"end":{"line":394,"column":41}},"241":{"start":{"line":395,"column":24},"end":{"line":395,"column":87}},"242":{"start":{"line":399,"column":20},"end":{"line":399,"column":37}},"243":{"start":{"line":400,"column":20},"end":{"line":400,"column":83}},"244":{"start":{"line":404,"column":16},"end":{"line":404,"column":80}},"245":{"start":{"line":408,"column":12},"end":{"line":417,"column":13}},"246":{"start":{"line":409,"column":16},"end":{"line":416,"column":17}},"247":{"start":{"line":410,"column":20},"end":{"line":410,"column":51}},"248":{"start":{"line":411,"column":20},"end":{"line":411,"column":36}},"249":{"start":{"line":412,"column":20},"end":{"line":412,"column":26}},"250":{"start":{"line":415,"column":20},"end":{"line":415,"column":51}},"251":{"start":{"line":418,"column":12},"end":{"line":418,"column":28}},"252":{"start":{"line":421,"column":12},"end":{"line":498,"column":15}},"253":{"start":{"line":422,"column":27},"end":{"line":422,"column":44}},"254":{"start":{"line":423,"column":29},"end":{"line":423,"column":31}},"255":{"start":{"line":424,"column":16},"end":{"line":497,"column":17}},"256":{"start":{"line":425,"column":20},"end":{"line":493,"column":23}},"257":{"start":{"line":427,"column":24},"end":{"line":427,"column":59}},"258":{"start":{"line":431,"column":38},"end":{"line":431,"column":43}},"259":{"start":{"line":433,"column":39},"end":{"line":433,"column":44}},"260":{"start":{"line":434,"column":41},"end":{"line":434,"column":43}},"261":{"start":{"line":435,"column":24},"end":{"line":442,"column":25}},"262":{"start":{"line":436,"column":28},"end":{"line":436,"column":54}},"263":{"start":{"line":437,"column":28},"end":{"line":437,"column":56}},"264":{"start":{"line":438,"column":28},"end":{"line":438,"column":46}},"265":{"start":{"line":441,"column":28},"end":{"line":441,"column":44}},"266":{"start":{"line":444,"column":28},"end":{"line":455,"column":29}},"267":{"start":{"line":445,"column":32},"end":{"line":454,"column":33}},"268":{"start":{"line":448,"column":36},"end":{"line":448,"column":51}},"269":{"start":{"line":449,"column":36},"end":{"line":449,"column":65}},"270":{"start":{"line":450,"column":36},"end":{"line":450,"column":42}},"271":{"start":{"line":453,"column":36},"end":{"line":453,"column":74}},"272":{"start":{"line":456,"column":28},"end":{"line":456,"column":43}},"273":{"start":{"line":459,"column":28},"end":{"line":468,"column":29}},"274":{"start":{"line":460,"column":32},"end":{"line":467,"column":33}},"275":{"start":{"line":461,"column":36},"end":{"line":461,"column":67}},"276":{"start":{"line":462,"column":36},"end":{"line":462,"column":52}},"277":{"start":{"line":463,"column":36},"end":{"line":463,"column":42}},"278":{"start":{"line":466,"column":36},"end":{"line":466,"column":67}},"279":{"start":{"line":469,"column":28},"end":{"line":469,"column":44}},"280":{"start":{"line":473,"column":37},"end":{"line":473,"column":39}},"281":{"start":{"line":474,"column":24},"end":{"line":489,"column":25}},"282":{"start":{"line":475,"column":28},"end":{"line":475,"column":44}},"283":{"start":{"line":478,"column":28},"end":{"line":478,"column":101}},"284":{"start":{"line":479,"column":28},"end":{"line":488,"column":31}},"285":{"start":{"line":480,"column":32},"end":{"line":484,"column":48}},"286":{"start":{"line":481,"column":36},"end":{"line":481,"column":52}},"287":{"start":{"line":484,"column":36},"end":{"line":484,"column":48}},"288":{"start":{"line":487,"column":32},"end":{"line":487,"column":49}},"289":{"start":{"line":492,"column":24},"end":{"line":492,"column":40}},"290":{"start":{"line":496,"column":20},"end":{"line":496,"column":36}},"291":{"start":{"line":501,"column":25},"end":{"line":501,"column":27}},"292":{"start":{"line":502,"column":27},"end":{"line":502,"column":60}},"293":{"start":{"line":503,"column":27},"end":{"line":503,"column":38}},"294":{"start":{"line":504,"column":31},"end":{"line":504,"column":107}},"295":{"start":{"line":505,"column":12},"end":{"line":526,"column":13}},"296":{"start":{"line":506,"column":27},"end":{"line":518,"column":17}},"297":{"start":{"line":519,"column":16},"end":{"line":519,"column":119}},"298":{"start":{"line":520,"column":16},"end":{"line":520,"column":119}},"299":{"start":{"line":521,"column":16},"end":{"line":521,"column":115}},"300":{"start":{"line":522,"column":16},"end":{"line":522,"column":110}},"301":{"start":{"line":523,"column":16},"end":{"line":523,"column":90}},"302":{"start":{"line":524,"column":16},"end":{"line":524,"column":150}},"303":{"start":{"line":525,"column":16},"end":{"line":525,"column":36}},"304":{"start":{"line":527,"column":32},"end":{"line":527,"column":84}},"305":{"start":{"line":528,"column":23},"end":{"line":528,"column":38}},"306":{"start":{"line":529,"column":34},"end":{"line":529,"column":96}},"307":{"start":{"line":531,"column":12},"end":{"line":566,"column":15}},"308":{"start":{"line":532,"column":16},"end":{"line":565,"column":17}},"309":{"start":{"line":533,"column":20},"end":{"line":561,"column":23}},"310":{"start":{"line":534,"column":24},"end":{"line":536,"column":25}},"311":{"start":{"line":535,"column":28},"end":{"line":535,"column":44}},"312":{"start":{"line":537,"column":24},"end":{"line":537,"column":48}},"313":{"start":{"line":538,"column":38},"end":{"line":538,"column":40}},"314":{"start":{"line":539,"column":24},"end":{"line":539,"column":86}},"315":{"start":{"line":539,"column":58},"end":{"line":539,"column":82}},"316":{"start":{"line":540,"column":24},"end":{"line":558,"column":27}},"317":{"start":{"line":541,"column":28},"end":{"line":557,"column":29}},"318":{"start":{"line":542,"column":48},"end":{"line":542,"column":67}},"319":{"start":{"line":543,"column":32},"end":{"line":553,"column":33}},"320":{"start":{"line":544,"column":36},"end":{"line":544,"column":52}},"321":{"start":{"line":547,"column":36},"end":{"line":551,"column":37}},"322":{"start":{"line":548,"column":50},"end":{"line":548,"column":64}},"323":{"start":{"line":549,"column":40},"end":{"line":549,"column":76}},"324":{"start":{"line":550,"column":40},"end":{"line":550,"column":76}},"325":{"start":{"line":552,"column":36},"end":{"line":552,"column":54}},"326":{"start":{"line":556,"column":32},"end":{"line":556,"column":48}},"327":{"start":{"line":560,"column":24},"end":{"line":560,"column":40}},"328":{"start":{"line":564,"column":20},"end":{"line":564,"column":36}},"329":{"start":{"line":569,"column":4},"end":{"line":578,"column":6}},"330":{"start":{"line":570,"column":8},"end":{"line":577,"column":11}},"331":{"start":{"line":571,"column":12},"end":{"line":576,"column":84}},"332":{"start":{"line":572,"column":16},"end":{"line":572,"column":45}},"333":{"start":{"line":573,"column":16},"end":{"line":573,"column":49}},"334":{"start":{"line":576,"column":16},"end":{"line":576,"column":84}},"335":{"start":{"line":579,"column":4},"end":{"line":959,"column":6}},"336":{"start":{"line":580,"column":8},"end":{"line":632,"column":11}},"337":{"start":{"line":582,"column":12},"end":{"line":584,"column":13}},"338":{"start":{"line":583,"column":16},"end":{"line":583,"column":81}},"339":{"start":{"line":585,"column":12},"end":{"line":590,"column":13}},"340":{"start":{"line":586,"column":16},"end":{"line":586,"column":50}},"341":{"start":{"line":589,"column":16},"end":{"line":589,"column":90}},"342":{"start":{"line":592,"column":16},"end":{"line":592,"column":39}},"343":{"start":{"line":594,"column":12},"end":{"line":621,"column":13}},"344":{"start":{"line":595,"column":16},"end":{"line":595,"column":33}},"345":{"start":{"line":596,"column":16},"end":{"line":596,"column":31}},"346":{"start":{"line":597,"column":16},"end":{"line":597,"column":27}},"347":{"start":{"line":598,"column":16},"end":{"line":598,"column":32}},"348":{"start":{"line":599,"column":16},"end":{"line":599,"column":30}},"349":{"start":{"line":600,"column":16},"end":{"line":600,"column":35}},"350":{"start":{"line":601,"column":16},"end":{"line":601,"column":29}},"351":{"start":{"line":602,"column":16},"end":{"line":616,"column":80}},"352":{"start":{"line":603,"column":20},"end":{"line":606,"column":21}},"353":{"start":{"line":604,"column":37},"end":{"line":604,"column":43}},"354":{"start":{"line":605,"column":24},"end":{"line":605,"column":57}},"355":{"start":{"line":607,"column":20},"end":{"line":609,"column":21}},"356":{"start":{"line":608,"column":24},"end":{"line":608,"column":103}},"357":{"start":{"line":610,"column":20},"end":{"line":612,"column":21}},"358":{"start":{"line":611,"column":24},"end":{"line":611,"column":74}},"359":{"start":{"line":613,"column":20},"end":{"line":613,"column":46}},"360":{"start":{"line":616,"column":20},"end":{"line":616,"column":80}},"361":{"start":{"line":619,"column":16},"end":{"line":619,"column":73}},"362":{"start":{"line":620,"column":16},"end":{"line":620,"column":26}},"363":{"start":{"line":622,"column":12},"end":{"line":631,"column":13}},"364":{"start":{"line":623,"column":16},"end":{"line":623,"column":71}},"365":{"start":{"line":624,"column":16},"end":{"line":626,"column":17}},"366":{"start":{"line":625,"column":20},"end":{"line":625,"column":80}},"367":{"start":{"line":627,"column":16},"end":{"line":627,"column":69}},"368":{"start":{"line":630,"column":16},"end":{"line":630,"column":76}},"369":{"start":{"line":634,"column":12},"end":{"line":857,"column":13}},"370":{"start":{"line":635,"column":16},"end":{"line":638,"column":17}},"371":{"start":{"line":636,"column":20},"end":{"line":636,"column":44}},"372":{"start":{"line":637,"column":20},"end":{"line":637,"column":27}},"373":{"start":{"line":639,"column":29},"end":{"line":639,"column":62}},"374":{"start":{"line":640,"column":16},"end":{"line":646,"column":17}},"375":{"start":{"line":641,"column":36},"end":{"line":641,"column":42}},"376":{"start":{"line":642,"column":20},"end":{"line":645,"column":21}},"377":{"start":{"line":643,"column":43},"end":{"line":643,"column":49}},"378":{"start":{"line":644,"column":24},"end":{"line":644,"column":61}},"379":{"start":{"line":647,"column":16},"end":{"line":671,"column":17}},"380":{"start":{"line":648,"column":37},"end":{"line":648,"column":48}},"381":{"start":{"line":649,"column":20},"end":{"line":651,"column":21}},"382":{"start":{"line":650,"column":24},"end":{"line":650,"column":57}},"383":{"start":{"line":652,"column":34},"end":{"line":658,"column":26}},"384":{"start":{"line":653,"column":24},"end":{"line":656,"column":40}},"385":{"start":{"line":654,"column":28},"end":{"line":654,"column":55}},"386":{"start":{"line":656,"column":28},"end":{"line":656,"column":40}},"387":{"start":{"line":657,"column":24},"end":{"line":657,"column":35}},"388":{"start":{"line":659,"column":20},"end":{"line":659,"column":44}},"389":{"start":{"line":661,"column":21},"end":{"line":671,"column":17}},"390":{"start":{"line":662,"column":37},"end":{"line":662,"column":48}},"391":{"start":{"line":663,"column":20},"end":{"line":666,"column":21}},"392":{"start":{"line":664,"column":32},"end":{"line":664,"column":47}},"393":{"start":{"line":665,"column":24},"end":{"line":665,"column":70}},"394":{"start":{"line":667,"column":34},"end":{"line":669,"column":22}},"395":{"start":{"line":668,"column":24},"end":{"line":668,"column":63}},"396":{"start":{"line":670,"column":20},"end":{"line":670,"column":44}},"397":{"start":{"line":673,"column":17},"end":{"line":857,"column":13}},"398":{"start":{"line":674,"column":32},"end":{"line":674,"column":58}},"399":{"start":{"line":675,"column":31},"end":{"line":675,"column":42}},"400":{"start":{"line":676,"column":16},"end":{"line":679,"column":17}},"401":{"start":{"line":677,"column":20},"end":{"line":677,"column":44}},"402":{"start":{"line":678,"column":20},"end":{"line":678,"column":27}},"403":{"start":{"line":680,"column":16},"end":{"line":740,"column":17}},"404":{"start":{"line":681,"column":30},"end":{"line":681,"column":45}},"405":{"start":{"line":682,"column":28},"end":{"line":682,"column":44}},"406":{"start":{"line":683,"column":35},"end":{"line":683,"column":51}},"407":{"start":{"line":684,"column":20},"end":{"line":687,"column":21}},"408":{"start":{"line":685,"column":24},"end":{"line":685,"column":48}},"409":{"start":{"line":686,"column":24},"end":{"line":686,"column":31}},"410":{"start":{"line":688,"column":20},"end":{"line":706,"column":21}},"411":{"start":{"line":689,"column":24},"end":{"line":689,"column":45}},"412":{"start":{"line":690,"column":24},"end":{"line":690,"column":31}},"413":{"start":{"line":692,"column":25},"end":{"line":706,"column":21}},"414":{"start":{"line":693,"column":24},"end":{"line":693,"column":44}},"415":{"start":{"line":694,"column":39},"end":{"line":694,"column":83}},"416":{"start":{"line":695,"column":24},"end":{"line":701,"column":25}},"417":{"start":{"line":696,"column":28},"end":{"line":696,"column":63}},"418":{"start":{"line":699,"column":28},"end":{"line":699,"column":52}},"419":{"start":{"line":700,"column":28},"end":{"line":700,"column":35}},"420":{"start":{"line":703,"column":25},"end":{"line":706,"column":21}},"421":{"start":{"line":704,"column":24},"end":{"line":704,"column":48}},"422":{"start":{"line":705,"column":24},"end":{"line":705,"column":31}},"423":{"start":{"line":707,"column":20},"end":{"line":739,"column":21}},"424":{"start":{"line":708,"column":24},"end":{"line":734,"column":25}},"425":{"start":{"line":709,"column":28},"end":{"line":709,"column":52}},"426":{"start":{"line":710,"column":28},"end":{"line":710,"column":35}},"427":{"start":{"line":713,"column":28},"end":{"line":732,"column":29}},"428":{"start":{"line":714,"column":42},"end":{"line":714,"column":59}},"429":{"start":{"line":715,"column":32},"end":{"line":731,"column":33}},"430":{"start":{"line":716,"column":36},"end":{"line":720,"column":37}},"431":{"start":{"line":717,"column":40},"end":{"line":719,"column":41}},"432":{"start":{"line":718,"column":44},"end":{"line":718,"column":63}},"433":{"start":{"line":721,"column":36},"end":{"line":725,"column":37}},"434":{"start":{"line":722,"column":40},"end":{"line":724,"column":41}},"435":{"start":{"line":723,"column":44},"end":{"line":723,"column":63}},"436":{"start":{"line":726,"column":36},"end":{"line":730,"column":37}},"437":{"start":{"line":727,"column":40},"end":{"line":729,"column":41}},"438":{"start":{"line":728,"column":44},"end":{"line":728,"column":63}},"439":{"start":{"line":733,"column":28},"end":{"line":733,"column":53}},"440":{"start":{"line":737,"column":24},"end":{"line":737,"column":48}},"441":{"start":{"line":738,"column":24},"end":{"line":738,"column":31}},"442":{"start":{"line":742,"column":17},"end":{"line":857,"column":13}},"443":{"start":{"line":743,"column":28},"end":{"line":743,"column":54}},"444":{"start":{"line":744,"column":31},"end":{"line":744,"column":42}},"445":{"start":{"line":745,"column":16},"end":{"line":748,"column":17}},"446":{"start":{"line":746,"column":20},"end":{"line":746,"column":44}},"447":{"start":{"line":747,"column":20},"end":{"line":747,"column":27}},"448":{"start":{"line":749,"column":16},"end":{"line":837,"column":17}},"449":{"start":{"line":750,"column":30},"end":{"line":750,"column":41}},"450":{"start":{"line":751,"column":28},"end":{"line":751,"column":44}},"451":{"start":{"line":752,"column":35},"end":{"line":752,"column":51}},"452":{"start":{"line":753,"column":20},"end":{"line":756,"column":21}},"453":{"start":{"line":754,"column":24},"end":{"line":754,"column":48}},"454":{"start":{"line":755,"column":24},"end":{"line":755,"column":31}},"455":{"start":{"line":757,"column":20},"end":{"line":775,"column":21}},"456":{"start":{"line":758,"column":24},"end":{"line":758,"column":45}},"457":{"start":{"line":759,"column":24},"end":{"line":759,"column":31}},"458":{"start":{"line":761,"column":25},"end":{"line":775,"column":21}},"459":{"start":{"line":762,"column":24},"end":{"line":762,"column":44}},"460":{"start":{"line":763,"column":39},"end":{"line":763,"column":83}},"461":{"start":{"line":764,"column":24},"end":{"line":770,"column":25}},"462":{"start":{"line":765,"column":28},"end":{"line":765,"column":63}},"463":{"start":{"line":768,"column":28},"end":{"line":768,"column":52}},"464":{"start":{"line":769,"column":28},"end":{"line":769,"column":35}},"465":{"start":{"line":772,"column":25},"end":{"line":775,"column":21}},"466":{"start":{"line":773,"column":24},"end":{"line":773,"column":48}},"467":{"start":{"line":774,"column":24},"end":{"line":774,"column":31}},"468":{"start":{"line":776,"column":20},"end":{"line":836,"column":21}},"469":{"start":{"line":777,"column":24},"end":{"line":831,"column":25}},"470":{"start":{"line":778,"column":28},"end":{"line":778,"column":52}},"471":{"start":{"line":779,"column":28},"end":{"line":779,"column":35}},"472":{"start":{"line":782,"column":40},"end":{"line":782,"column":58}},"473":{"start":{"line":783,"column":39},"end":{"line":783,"column":57}},"474":{"start":{"line":784,"column":41},"end":{"line":784,"column":57}},"475":{"start":{"line":785,"column":28},"end":{"line":829,"column":29}},"476":{"start":{"line":786,"column":32},"end":{"line":793,"column":33}},"477":{"start":{"line":787,"column":46},"end":{"line":787,"column":63}},"478":{"start":{"line":788,"column":36},"end":{"line":792,"column":37}},"479":{"start":{"line":789,"column":40},"end":{"line":791,"column":41}},"480":{"start":{"line":790,"column":44},"end":{"line":790,"column":63}},"481":{"start":{"line":795,"column":33},"end":{"line":829,"column":29}},"482":{"start":{"line":796,"column":32},"end":{"line":817,"column":33}},"483":{"start":{"line":797,"column":51},"end":{"line":797,"column":78}},"484":{"start":{"line":798,"column":36},"end":{"line":805,"column":37}},"485":{"start":{"line":799,"column":50},"end":{"line":799,"column":67}},"486":{"start":{"line":800,"column":40},"end":{"line":804,"column":41}},"487":{"start":{"line":801,"column":44},"end":{"line":803,"column":45}},"488":{"start":{"line":802,"column":48},"end":{"line":802,"column":67}},"489":{"start":{"line":808,"column":51},"end":{"line":808,"column":74}},"490":{"start":{"line":809,"column":36},"end":{"line":816,"column":37}},"491":{"start":{"line":810,"column":50},"end":{"line":810,"column":67}},"492":{"start":{"line":811,"column":40},"end":{"line":815,"column":41}},"493":{"start":{"line":812,"column":44},"end":{"line":814,"column":45}},"494":{"start":{"line":813,"column":48},"end":{"line":813,"column":67}},"495":{"start":{"line":819,"column":33},"end":{"line":829,"column":29}},"496":{"start":{"line":820,"column":47},"end":{"line":820,"column":70}},"497":{"start":{"line":821,"column":32},"end":{"line":828,"column":33}},"498":{"start":{"line":822,"column":46},"end":{"line":822,"column":63}},"499":{"start":{"line":823,"column":36},"end":{"line":827,"column":37}},"500":{"start":{"line":824,"column":40},"end":{"line":826,"column":41}},"501":{"start":{"line":825,"column":44},"end":{"line":825,"column":63}},"502":{"start":{"line":830,"column":28},"end":{"line":830,"column":53}},"503":{"start":{"line":834,"column":24},"end":{"line":834,"column":48}},"504":{"start":{"line":835,"column":24},"end":{"line":835,"column":31}},"505":{"start":{"line":839,"column":17},"end":{"line":857,"column":13}},"506":{"start":{"line":840,"column":16},"end":{"line":840,"column":27}},"507":{"start":{"line":841,"column":30},"end":{"line":841,"column":56}},"508":{"start":{"line":842,"column":16},"end":{"line":845,"column":17}},"509":{"start":{"line":843,"column":20},"end":{"line":843,"column":44}},"510":{"start":{"line":844,"column":20},"end":{"line":844,"column":27}},"511":{"start":{"line":846,"column":32},"end":{"line":846,"column":42}},"512":{"start":{"line":847,"column":16},"end":{"line":847,"column":54}},"513":{"start":{"line":848,"column":31},"end":{"line":848,"column":42}},"514":{"start":{"line":849,"column":16},"end":{"line":856,"column":17}},"515":{"start":{"line":850,"column":30},"end":{"line":850,"column":45}},"516":{"start":{"line":851,"column":20},"end":{"line":853,"column":23}},"517":{"start":{"line":852,"column":24},"end":{"line":852,"column":50}},"518":{"start":{"line":854,"column":20},"end":{"line":854,"column":45}},"519":{"start":{"line":855,"column":20},"end":{"line":855,"column":33}},"520":{"start":{"line":860,"column":12},"end":{"line":862,"column":13}},"521":{"start":{"line":861,"column":16},"end":{"line":861,"column":28}},"522":{"start":{"line":863,"column":25},"end":{"line":863,"column":27}},"523":{"start":{"line":864,"column":12},"end":{"line":878,"column":13}},"524":{"start":{"line":865,"column":26},"end":{"line":865,"column":32}},"525":{"start":{"line":866,"column":24},"end":{"line":866,"column":40}},"526":{"start":{"line":867,"column":31},"end":{"line":867,"column":47}},"527":{"start":{"line":868,"column":16},"end":{"line":870,"column":17}},"528":{"start":{"line":869,"column":20},"end":{"line":869,"column":32}},"529":{"start":{"line":871,"column":16},"end":{"line":876,"column":17}},"530":{"start":{"line":872,"column":20},"end":{"line":872,"column":32}},"531":{"start":{"line":874,"column":21},"end":{"line":876,"column":17}},"532":{"start":{"line":875,"column":20},"end":{"line":875,"column":32}},"533":{"start":{"line":877,"column":16},"end":{"line":877,"column":33}},"534":{"start":{"line":879,"column":12},"end":{"line":881,"column":13}},"535":{"start":{"line":880,"column":16},"end":{"line":880,"column":28}},"536":{"start":{"line":883,"column":12},"end":{"line":897,"column":30}},"537":{"start":{"line":884,"column":16},"end":{"line":894,"column":17}},"538":{"start":{"line":885,"column":20},"end":{"line":885,"column":32}},"539":{"start":{"line":888,"column":20},"end":{"line":893,"column":21}},"540":{"start":{"line":889,"column":24},"end":{"line":889,"column":36}},"541":{"start":{"line":892,"column":24},"end":{"line":892,"column":55}},"542":{"start":{"line":897,"column":16},"end":{"line":897,"column":30}},"543":{"start":{"line":898,"column":26},"end":{"line":898,"column":37}},"544":{"start":{"line":899,"column":12},"end":{"line":912,"column":13}},"545":{"start":{"line":900,"column":26},"end":{"line":900,"column":45}},"546":{"start":{"line":901,"column":31},"end":{"line":901,"column":42}},"547":{"start":{"line":902,"column":16},"end":{"line":907,"column":17}},"548":{"start":{"line":903,"column":30},"end":{"line":903,"column":42}},"549":{"start":{"line":904,"column":20},"end":{"line":906,"column":21}},"550":{"start":{"line":905,"column":24},"end":{"line":905,"column":73}},"551":{"start":{"line":908,"column":16},"end":{"line":911,"column":17}},"552":{"start":{"line":909,"column":33},"end":{"line":909,"column":69}},"553":{"start":{"line":910,"column":20},"end":{"line":910,"column":41}},"554":{"start":{"line":913,"column":20},"end":{"line":913,"column":27}},"555":{"start":{"line":914,"column":28},"end":{"line":914,"column":39}},"556":{"start":{"line":915,"column":12},"end":{"line":922,"column":13}},"557":{"start":{"line":916,"column":33},"end":{"line":916,"column":46}},"558":{"start":{"line":917,"column":29},"end":{"line":917,"column":31}},"559":{"start":{"line":918,"column":16},"end":{"line":920,"column":17}},"560":{"start":{"line":919,"column":20},"end":{"line":919,"column":61}},"561":{"start":{"line":921,"column":16},"end":{"line":921,"column":39}},"562":{"start":{"line":923,"column":12},"end":{"line":923,"column":35}},"563":{"start":{"line":925,"column":16},"end":{"line":927,"column":17}},"564":{"start":{"line":926,"column":20},"end":{"line":926,"column":33}},"565":{"start":{"line":928,"column":16},"end":{"line":928,"column":25}},"566":{"start":{"line":930,"column":12},"end":{"line":951,"column":13}},"567":{"start":{"line":931,"column":16},"end":{"line":950,"column":32}},"568":{"start":{"line":932,"column":20},"end":{"line":934,"column":23}},"569":{"start":{"line":933,"column":24},"end":{"line":933,"column":57}},"570":{"start":{"line":936,"column":21},"end":{"line":950,"column":32}},"571":{"start":{"line":937,"column":20},"end":{"line":947,"column":23}},"572":{"start":{"line":938,"column":36},"end":{"line":938,"column":61}},"573":{"start":{"line":939,"column":36},"end":{"line":939,"column":61}},"574":{"start":{"line":940,"column":24},"end":{"line":942,"column":25}},"575":{"start":{"line":941,"column":28},"end":{"line":941,"column":38}},"576":{"start":{"line":943,"column":24},"end":{"line":945,"column":25}},"577":{"start":{"line":944,"column":28},"end":{"line":944,"column":37}},"578":{"start":{"line":946,"column":24},"end":{"line":946,"column":33}},"579":{"start":{"line":950,"column":20},"end":{"line":950,"column":32}},"580":{"start":{"line":952,"column":25},"end":{"line":955,"column":13}},"581":{"start":{"line":956,"column":12},"end":{"line":956,"column":26}},"582":{"start":{"line":960,"column":4},"end":{"line":960,"column":25}},"583":{"start":{"line":962,"column":0},"end":{"line":962,"column":62}},"584":{"start":{"line":963,"column":0},"end":{"line":963,"column":32}}},"fnMap":{"0":{"name":"(anonymous_0)","decl":{"start":{"line":18,"column":21},"end":{"line":18,"column":22}},"loc":{"start":{"line":18,"column":33},"end":{"line":961,"column":1}}},"1":{"name":"InsightFacade","decl":{"start":{"line":19,"column":13},"end":{"line":19,"column":26}},"loc":{"start":{"line":19,"column":29},"end":{"line":21,"column":5}}},"2":{"name":"(anonymous_2)","decl":{"start":{"line":22,"column":41},"end":{"line":22,"column":42}},"loc":{"start":{"line":22,"column":64},"end":{"line":568,"column":5}}},"3":{"name":"(anonymous_3)","decl":{"start":{"line":25,"column":27},"end":{"line":25,"column":28}},"loc":{"start":{"line":25,"column":54},"end":{"line":406,"column":9}}},"4":{"name":"(anonymous_4)","decl":{"start":{"line":34,"column":30},"end":{"line":34,"column":31}},"loc":{"start":{"line":34,"column":47},"end":{"line":175,"column":21}}},"5":{"name":"(anonymous_5)","decl":{"start":{"line":38,"column":42},"end":{"line":38,"column":43}},"loc":{"start":{"line":38,"column":72},"end":{"line":133,"column":29}}},"6":{"name":"(anonymous_6)","decl":{"start":{"line":40,"column":76},"end":{"line":40,"column":77}},"loc":{"start":{"line":40,"column":92},"end":{"line":128,"column":37}}},"7":{"name":"(anonymous_7)","decl":{"start":{"line":135,"column":54},"end":{"line":135,"column":55}},"loc":{"start":{"line":135,"column":80},"end":{"line":171,"column":25}}},"8":{"name":"(anonymous_8)","decl":{"start":{"line":172,"column":35},"end":{"line":172,"column":36}},"loc":{"start":{"line":172,"column":50},"end":{"line":174,"column":25}}},"9":{"name":"(anonymous_9)","decl":{"start":{"line":176,"column":31},"end":{"line":176,"column":32}},"loc":{"start":{"line":176,"column":46},"end":{"line":178,"column":21}}},"10":{"name":"(anonymous_10)","decl":{"start":{"line":182,"column":30},"end":{"line":182,"column":31}},"loc":{"start":{"line":182,"column":47},"end":{"line":318,"column":21}}},"11":{"name":"(anonymous_11)","decl":{"start":{"line":185,"column":38},"end":{"line":185,"column":39}},"loc":{"start":{"line":185,"column":68},"end":{"line":277,"column":25}}},"12":{"name":"(anonymous_12)","decl":{"start":{"line":187,"column":72},"end":{"line":187,"column":73}},"loc":{"start":{"line":187,"column":88},"end":{"line":272,"column":33}}},"13":{"name":"(anonymous_13)","decl":{"start":{"line":278,"column":54},"end":{"line":278,"column":55}},"loc":{"start":{"line":278,"column":80},"end":{"line":314,"column":25}}},"14":{"name":"(anonymous_14)","decl":{"start":{"line":315,"column":35},"end":{"line":315,"column":36}},"loc":{"start":{"line":315,"column":50},"end":{"line":317,"column":25}}},"15":{"name":"(anonymous_15)","decl":{"start":{"line":319,"column":31},"end":{"line":319,"column":32}},"loc":{"start":{"line":319,"column":46},"end":{"line":321,"column":21}}},"16":{"name":"(anonymous_16)","decl":{"start":{"line":336,"column":26},"end":{"line":336,"column":27}},"loc":{"start":{"line":336,"column":43},"end":{"line":339,"column":17}}},"17":{"name":"(anonymous_17)","decl":{"start":{"line":340,"column":26},"end":{"line":340,"column":27}},"loc":{"start":{"line":340,"column":47},"end":{"line":342,"column":17}}},"18":{"name":"(anonymous_18)","decl":{"start":{"line":343,"column":26},"end":{"line":343,"column":27}},"loc":{"start":{"line":343,"column":48},"end":{"line":345,"column":17}}},"19":{"name":"(anonymous_19)","decl":{"start":{"line":346,"column":26},"end":{"line":346,"column":27}},"loc":{"start":{"line":346,"column":48},"end":{"line":368,"column":17}}},"20":{"name":"(anonymous_20)","decl":{"start":{"line":369,"column":26},"end":{"line":369,"column":27}},"loc":{"start":{"line":369,"column":45},"end":{"line":397,"column":17}}},"21":{"name":"(anonymous_21)","decl":{"start":{"line":372,"column":90},"end":{"line":372,"column":91}},"loc":{"start":{"line":372,"column":120},"end":{"line":377,"column":21}}},"22":{"name":"(anonymous_22)","decl":{"start":{"line":378,"column":50},"end":{"line":378,"column":51}},"loc":{"start":{"line":378,"column":76},"end":{"line":392,"column":21}}},"23":{"name":"(anonymous_23)","decl":{"start":{"line":387,"column":45},"end":{"line":387,"column":46}},"loc":{"start":{"line":387,"column":58},"end":{"line":389,"column":25}}},"24":{"name":"(anonymous_24)","decl":{"start":{"line":393,"column":31},"end":{"line":393,"column":32}},"loc":{"start":{"line":393,"column":46},"end":{"line":396,"column":21}}},"25":{"name":"(anonymous_25)","decl":{"start":{"line":398,"column":27},"end":{"line":398,"column":28}},"loc":{"start":{"line":398,"column":42},"end":{"line":401,"column":17}}},"26":{"name":"findTable","decl":{"start":{"line":407,"column":17},"end":{"line":407,"column":26}},"loc":{"start":{"line":407,"column":33},"end":{"line":419,"column":9}}},"27":{"name":"createDataset","decl":{"start":{"line":420,"column":17},"end":{"line":420,"column":30}},"loc":{"start":{"line":420,"column":60},"end":{"line":499,"column":9}}},"28":{"name":"(anonymous_28)","decl":{"start":{"line":421,"column":31},"end":{"line":421,"column":32}},"loc":{"start":{"line":421,"column":58},"end":{"line":498,"column":13}}},"29":{"name":"(anonymous_29)","decl":{"start":{"line":426,"column":30},"end":{"line":426,"column":31}},"loc":{"start":{"line":426,"column":49},"end":{"line":428,"column":21}}},"30":{"name":"(anonymous_30)","decl":{"start":{"line":429,"column":30},"end":{"line":429,"column":31}},"loc":{"start":{"line":429,"column":52},"end":{"line":471,"column":21}}},"31":{"name":"findBuildingInfo","decl":{"start":{"line":443,"column":33},"end":{"line":443,"column":49}},"loc":{"start":{"line":443,"column":56},"end":{"line":457,"column":25}}},"32":{"name":"findTable","decl":{"start":{"line":458,"column":33},"end":{"line":458,"column":42}},"loc":{"start":{"line":458,"column":49},"end":{"line":470,"column":25}}},"33":{"name":"(anonymous_33)","decl":{"start":{"line":472,"column":30},"end":{"line":472,"column":31}},"loc":{"start":{"line":472,"column":49},"end":{"line":490,"column":21}}},"34":{"name":"(anonymous_34)","decl":{"start":{"line":479,"column":53},"end":{"line":479,"column":54}},"loc":{"start":{"line":479,"column":68},"end":{"line":485,"column":29}}},"35":{"name":"(anonymous_35)","decl":{"start":{"line":486,"column":39},"end":{"line":486,"column":40}},"loc":{"start":{"line":486,"column":54},"end":{"line":488,"column":29}}},"36":{"name":"(anonymous_36)","decl":{"start":{"line":491,"column":31},"end":{"line":491,"column":32}},"loc":{"start":{"line":491,"column":46},"end":{"line":493,"column":21}}},"37":{"name":"getBuildingInfo","decl":{"start":{"line":500,"column":17},"end":{"line":500,"column":32}},"loc":{"start":{"line":500,"column":87},"end":{"line":567,"column":9}}},"38":{"name":"(anonymous_38)","decl":{"start":{"line":531,"column":46},"end":{"line":531,"column":47}},"loc":{"start":{"line":531,"column":73},"end":{"line":566,"column":13}}},"39":{"name":"(anonymous_39)","decl":{"start":{"line":533,"column":46},"end":{"line":533,"column":47}},"loc":{"start":{"line":533,"column":61},"end":{"line":559,"column":21}}},"40":{"name":"(anonymous_40)","decl":{"start":{"line":539,"column":39},"end":{"line":539,"column":40}},"loc":{"start":{"line":539,"column":56},"end":{"line":539,"column":84}}},"41":{"name":"(anonymous_41)","decl":{"start":{"line":540,"column":38},"end":{"line":540,"column":39}},"loc":{"start":{"line":540,"column":50},"end":{"line":558,"column":25}}},"42":{"name":"(anonymous_42)","decl":{"start":{"line":559,"column":35},"end":{"line":559,"column":36}},"loc":{"start":{"line":559,"column":48},"end":{"line":561,"column":21}}},"43":{"name":"(anonymous_43)","decl":{"start":{"line":569,"column":44},"end":{"line":569,"column":45}},"loc":{"start":{"line":569,"column":58},"end":{"line":578,"column":5}}},"44":{"name":"(anonymous_44)","decl":{"start":{"line":570,"column":27},"end":{"line":570,"column":28}},"loc":{"start":{"line":570,"column":54},"end":{"line":577,"column":9}}},"45":{"name":"(anonymous_45)","decl":{"start":{"line":579,"column":43},"end":{"line":579,"column":44}},"loc":{"start":{"line":579,"column":60},"end":{"line":959,"column":5}}},"46":{"name":"(anonymous_46)","decl":{"start":{"line":580,"column":27},"end":{"line":580,"column":28}},"loc":{"start":{"line":580,"column":54},"end":{"line":632,"column":9}}},"47":{"name":"isValid","decl":{"start":{"line":591,"column":21},"end":{"line":591,"column":28}},"loc":{"start":{"line":591,"column":52},"end":{"line":593,"column":13}}},"48":{"name":"whereParser","decl":{"start":{"line":633,"column":17},"end":{"line":633,"column":28}},"loc":{"start":{"line":633,"column":44},"end":{"line":858,"column":9}}},"49":{"name":"(anonymous_49)","decl":{"start":{"line":652,"column":60},"end":{"line":652,"column":61}},"loc":{"start":{"line":652,"column":78},"end":{"line":658,"column":21}}},"50":{"name":"(anonymous_50)","decl":{"start":{"line":653,"column":70},"end":{"line":653,"column":71}},"loc":{"start":{"line":653,"column":83},"end":{"line":655,"column":25}}},"51":{"name":"(anonymous_51)","decl":{"start":{"line":667,"column":52},"end":{"line":667,"column":53}},"loc":{"start":{"line":667,"column":73},"end":{"line":669,"column":21}}},"52":{"name":"(anonymous_52)","decl":{"start":{"line":851,"column":50},"end":{"line":851,"column":51}},"loc":{"start":{"line":851,"column":63},"end":{"line":853,"column":21}}},"53":{"name":"optionParser","decl":{"start":{"line":859,"column":17},"end":{"line":859,"column":29}},"loc":{"start":{"line":859,"column":57},"end":{"line":958,"column":9}}},"54":{"name":"joinJSON","decl":{"start":{"line":924,"column":21},"end":{"line":924,"column":29}},"loc":{"start":{"line":924,"column":37},"end":{"line":929,"column":13}}},"55":{"name":"(anonymous_55)","decl":{"start":{"line":932,"column":35},"end":{"line":932,"column":36}},"loc":{"start":{"line":932,"column":51},"end":{"line":934,"column":21}}},"56":{"name":"(anonymous_56)","decl":{"start":{"line":937,"column":35},"end":{"line":937,"column":36}},"loc":{"start":{"line":937,"column":51},"end":{"line":947,"column":21}}}},"branchMap":{"0":{"loc":{"start":{"line":5,"column":0},"end":{"line":7,"column":1}},"type":"if","locations":[{"start":{"line":5,"column":0},"end":{"line":7,"column":1}},{"start":{"line":5,"column":0},"end":{"line":7,"column":1}}]},"1":{"loc":{"start":{"line":27,"column":12},"end":{"line":28,"column":80}},"type":"if","locations":[{"start":{"line":27,"column":12},"end":{"line":28,"column":80}},{"start":{"line":27,"column":12},"end":{"line":28,"column":80}}]},"2":{"loc":{"start":{"line":30,"column":12},"end":{"line":405,"column":13}},"type":"if","locations":[{"start":{"line":30,"column":12},"end":{"line":405,"column":13}},{"start":{"line":30,"column":12},"end":{"line":405,"column":13}}]},"3":{"loc":{"start":{"line":31,"column":16},"end":{"line":322,"column":17}},"type":"if","locations":[{"start":{"line":31,"column":16},"end":{"line":322,"column":17}},{"start":{"line":31,"column":16},"end":{"line":322,"column":17}}]},"4":{"loc":{"start":{"line":37,"column":24},"end":{"line":134,"column":25}},"type":"if","locations":[{"start":{"line":37,"column":24},"end":{"line":134,"column":25}},{"start":{"line":37,"column":24},"end":{"line":134,"column":25}}]},"5":{"loc":{"start":{"line":39,"column":32},"end":{"line":132,"column":33}},"type":"if","locations":[{"start":{"line":39,"column":32},"end":{"line":132,"column":33}},{"start":{"line":39,"column":32},"end":{"line":132,"column":33}}]},"6":{"loc":{"start":{"line":43,"column":44},"end":{"line":119,"column":45}},"type":"if","locations":[{"start":{"line":43,"column":44},"end":{"line":119,"column":45}},{"start":{"line":43,"column":44},"end":{"line":119,"column":45}}]},"7":{"loc":{"start":{"line":43,"column":48},"end":{"line":43,"column":111}},"type":"binary-expr","locations":[{"start":{"line":43,"column":48},"end":{"line":43,"column":76}},{"start":{"line":43,"column":80},"end":{"line":43,"column":111}}]},"8":{"loc":{"start":{"line":59,"column":52},"end":{"line":116,"column":53}},"type":"if","locations":[{"start":{"line":59,"column":52},"end":{"line":116,"column":53}},{"start":{"line":59,"column":52},"end":{"line":116,"column":53}}]},"9":{"loc":{"start":{"line":59,"column":56},"end":{"line":59,"column":113}},"type":"binary-expr","locations":[{"start":{"line":59,"column":56},"end":{"line":59,"column":80}},{"start":{"line":59,"column":84},"end":{"line":59,"column":113}}]},"10":{"loc":{"start":{"line":60,"column":56},"end":{"line":64,"column":57}},"type":"if","locations":[{"start":{"line":60,"column":56},"end":{"line":64,"column":57}},{"start":{"line":60,"column":56},"end":{"line":64,"column":57}}]},"11":{"loc":{"start":{"line":65,"column":56},"end":{"line":69,"column":57}},"type":"if","locations":[{"start":{"line":65,"column":56},"end":{"line":69,"column":57}},{"start":{"line":65,"column":56},"end":{"line":69,"column":57}}]},"12":{"loc":{"start":{"line":70,"column":56},"end":{"line":74,"column":57}},"type":"if","locations":[{"start":{"line":70,"column":56},"end":{"line":74,"column":57}},{"start":{"line":70,"column":56},"end":{"line":74,"column":57}}]},"13":{"loc":{"start":{"line":75,"column":56},"end":{"line":79,"column":57}},"type":"if","locations":[{"start":{"line":75,"column":56},"end":{"line":79,"column":57}},{"start":{"line":75,"column":56},"end":{"line":79,"column":57}}]},"14":{"loc":{"start":{"line":80,"column":56},"end":{"line":84,"column":57}},"type":"if","locations":[{"start":{"line":80,"column":56},"end":{"line":84,"column":57}},{"start":{"line":80,"column":56},"end":{"line":84,"column":57}}]},"15":{"loc":{"start":{"line":85,"column":56},"end":{"line":89,"column":57}},"type":"if","locations":[{"start":{"line":85,"column":56},"end":{"line":89,"column":57}},{"start":{"line":85,"column":56},"end":{"line":89,"column":57}}]},"16":{"loc":{"start":{"line":90,"column":56},"end":{"line":94,"column":57}},"type":"if","locations":[{"start":{"line":90,"column":56},"end":{"line":94,"column":57}},{"start":{"line":90,"column":56},"end":{"line":94,"column":57}}]},"17":{"loc":{"start":{"line":95,"column":56},"end":{"line":99,"column":57}},"type":"if","locations":[{"start":{"line":95,"column":56},"end":{"line":99,"column":57}},{"start":{"line":95,"column":56},"end":{"line":99,"column":57}}]},"18":{"loc":{"start":{"line":100,"column":56},"end":{"line":104,"column":57}},"type":"if","locations":[{"start":{"line":100,"column":56},"end":{"line":104,"column":57}},{"start":{"line":100,"column":56},"end":{"line":104,"column":57}}]},"19":{"loc":{"start":{"line":105,"column":56},"end":{"line":115,"column":57}},"type":"if","locations":[{"start":{"line":105,"column":56},"end":{"line":115,"column":57}},{"start":{"line":105,"column":56},"end":{"line":115,"column":57}}]},"20":{"loc":{"start":{"line":106,"column":60},"end":{"line":114,"column":61}},"type":"if","locations":[{"start":{"line":106,"column":60},"end":{"line":114,"column":61}},{"start":{"line":106,"column":60},"end":{"line":114,"column":61}}]},"21":{"loc":{"start":{"line":110,"column":64},"end":{"line":113,"column":65}},"type":"if","locations":[{"start":{"line":110,"column":64},"end":{"line":113,"column":65}},{"start":{"line":110,"column":64},"end":{"line":113,"column":65}}]},"22":{"loc":{"start":{"line":129,"column":36},"end":{"line":131,"column":37}},"type":"if","locations":[{"start":{"line":129,"column":36},"end":{"line":131,"column":37}},{"start":{"line":129,"column":36},"end":{"line":131,"column":37}}]},"23":{"loc":{"start":{"line":139,"column":32},"end":{"line":141,"column":33}},"type":"if","locations":[{"start":{"line":139,"column":32},"end":{"line":141,"column":33}},{"start":{"line":139,"column":32},"end":{"line":141,"column":33}}]},"24":{"loc":{"start":{"line":143,"column":28},"end":{"line":145,"column":29}},"type":"if","locations":[{"start":{"line":143,"column":28},"end":{"line":145,"column":29}},{"start":{"line":143,"column":28},"end":{"line":145,"column":29}}]},"25":{"loc":{"start":{"line":147,"column":28},"end":{"line":168,"column":29}},"type":"if","locations":[{"start":{"line":147,"column":28},"end":{"line":168,"column":29}},{"start":{"line":147,"column":28},"end":{"line":168,"column":29}}]},"26":{"loc":{"start":{"line":152,"column":40},"end":{"line":154,"column":41}},"type":"if","locations":[{"start":{"line":152,"column":40},"end":{"line":154,"column":41}},{"start":{"line":152,"column":40},"end":{"line":154,"column":41}}]},"27":{"loc":{"start":{"line":161,"column":36},"end":{"line":166,"column":37}},"type":"if","locations":[{"start":{"line":161,"column":36},"end":{"line":166,"column":37}},{"start":{"line":161,"column":36},"end":{"line":166,"column":37}}]},"28":{"loc":{"start":{"line":186,"column":28},"end":{"line":276,"column":29}},"type":"if","locations":[{"start":{"line":186,"column":28},"end":{"line":276,"column":29}},{"start":{"line":186,"column":28},"end":{"line":276,"column":29}}]},"29":{"loc":{"start":{"line":190,"column":40},"end":{"line":266,"column":41}},"type":"if","locations":[{"start":{"line":190,"column":40},"end":{"line":266,"column":41}},{"start":{"line":190,"column":40},"end":{"line":266,"column":41}}]},"30":{"loc":{"start":{"line":190,"column":44},"end":{"line":190,"column":107}},"type":"binary-expr","locations":[{"start":{"line":190,"column":44},"end":{"line":190,"column":72}},{"start":{"line":190,"column":76},"end":{"line":190,"column":107}}]},"31":{"loc":{"start":{"line":206,"column":48},"end":{"line":263,"column":49}},"type":"if","locations":[{"start":{"line":206,"column":48},"end":{"line":263,"column":49}},{"start":{"line":206,"column":48},"end":{"line":263,"column":49}}]},"32":{"loc":{"start":{"line":206,"column":52},"end":{"line":206,"column":109}},"type":"binary-expr","locations":[{"start":{"line":206,"column":52},"end":{"line":206,"column":76}},{"start":{"line":206,"column":80},"end":{"line":206,"column":109}}]},"33":{"loc":{"start":{"line":207,"column":52},"end":{"line":211,"column":53}},"type":"if","locations":[{"start":{"line":207,"column":52},"end":{"line":211,"column":53}},{"start":{"line":207,"column":52},"end":{"line":211,"column":53}}]},"34":{"loc":{"start":{"line":212,"column":52},"end":{"line":216,"column":53}},"type":"if","locations":[{"start":{"line":212,"column":52},"end":{"line":216,"column":53}},{"start":{"line":212,"column":52},"end":{"line":216,"column":53}}]},"35":{"loc":{"start":{"line":217,"column":52},"end":{"line":221,"column":53}},"type":"if","locations":[{"start":{"line":217,"column":52},"end":{"line":221,"column":53}},{"start":{"line":217,"column":52},"end":{"line":221,"column":53}}]},"36":{"loc":{"start":{"line":222,"column":52},"end":{"line":226,"column":53}},"type":"if","locations":[{"start":{"line":222,"column":52},"end":{"line":226,"column":53}},{"start":{"line":222,"column":52},"end":{"line":226,"column":53}}]},"37":{"loc":{"start":{"line":227,"column":52},"end":{"line":231,"column":53}},"type":"if","locations":[{"start":{"line":227,"column":52},"end":{"line":231,"column":53}},{"start":{"line":227,"column":52},"end":{"line":231,"column":53}}]},"38":{"loc":{"start":{"line":232,"column":52},"end":{"line":236,"column":53}},"type":"if","locations":[{"start":{"line":232,"column":52},"end":{"line":236,"column":53}},{"start":{"line":232,"column":52},"end":{"line":236,"column":53}}]},"39":{"loc":{"start":{"line":237,"column":52},"end":{"line":241,"column":53}},"type":"if","locations":[{"start":{"line":237,"column":52},"end":{"line":241,"column":53}},{"start":{"line":237,"column":52},"end":{"line":241,"column":53}}]},"40":{"loc":{"start":{"line":242,"column":52},"end":{"line":246,"column":53}},"type":"if","locations":[{"start":{"line":242,"column":52},"end":{"line":246,"column":53}},{"start":{"line":242,"column":52},"end":{"line":246,"column":53}}]},"41":{"loc":{"start":{"line":247,"column":52},"end":{"line":251,"column":53}},"type":"if","locations":[{"start":{"line":247,"column":52},"end":{"line":251,"column":53}},{"start":{"line":247,"column":52},"end":{"line":251,"column":53}}]},"42":{"loc":{"start":{"line":252,"column":52},"end":{"line":262,"column":53}},"type":"if","locations":[{"start":{"line":252,"column":52},"end":{"line":262,"column":53}},{"start":{"line":252,"column":52},"end":{"line":262,"column":53}}]},"43":{"loc":{"start":{"line":253,"column":56},"end":{"line":261,"column":57}},"type":"if","locations":[{"start":{"line":253,"column":56},"end":{"line":261,"column":57}},{"start":{"line":253,"column":56},"end":{"line":261,"column":57}}]},"44":{"loc":{"start":{"line":257,"column":60},"end":{"line":260,"column":61}},"type":"if","locations":[{"start":{"line":257,"column":60},"end":{"line":260,"column":61}},{"start":{"line":257,"column":60},"end":{"line":260,"column":61}}]},"45":{"loc":{"start":{"line":273,"column":32},"end":{"line":275,"column":33}},"type":"if","locations":[{"start":{"line":273,"column":32},"end":{"line":275,"column":33}},{"start":{"line":273,"column":32},"end":{"line":275,"column":33}}]},"46":{"loc":{"start":{"line":282,"column":32},"end":{"line":284,"column":33}},"type":"if","locations":[{"start":{"line":282,"column":32},"end":{"line":284,"column":33}},{"start":{"line":282,"column":32},"end":{"line":284,"column":33}}]},"47":{"loc":{"start":{"line":286,"column":28},"end":{"line":288,"column":29}},"type":"if","locations":[{"start":{"line":286,"column":28},"end":{"line":288,"column":29}},{"start":{"line":286,"column":28},"end":{"line":288,"column":29}}]},"48":{"loc":{"start":{"line":290,"column":28},"end":{"line":311,"column":29}},"type":"if","locations":[{"start":{"line":290,"column":28},"end":{"line":311,"column":29}},{"start":{"line":290,"column":28},"end":{"line":311,"column":29}}]},"49":{"loc":{"start":{"line":295,"column":40},"end":{"line":297,"column":41}},"type":"if","locations":[{"start":{"line":295,"column":40},"end":{"line":297,"column":41}},{"start":{"line":295,"column":40},"end":{"line":297,"column":41}}]},"50":{"loc":{"start":{"line":304,"column":36},"end":{"line":309,"column":37}},"type":"if","locations":[{"start":{"line":304,"column":36},"end":{"line":309,"column":37}},{"start":{"line":304,"column":36},"end":{"line":309,"column":37}}]},"51":{"loc":{"start":{"line":324,"column":17},"end":{"line":405,"column":13}},"type":"if","locations":[{"start":{"line":324,"column":17},"end":{"line":405,"column":13}},{"start":{"line":324,"column":17},"end":{"line":405,"column":13}}]},"52":{"loc":{"start":{"line":328,"column":16},"end":{"line":334,"column":17}},"type":"if","locations":[{"start":{"line":328,"column":16},"end":{"line":334,"column":17}},{"start":{"line":328,"column":16},"end":{"line":334,"column":17}}]},"53":{"loc":{"start":{"line":347,"column":20},"end":{"line":367,"column":21}},"type":"if","locations":[{"start":{"line":347,"column":20},"end":{"line":367,"column":21}},{"start":{"line":347,"column":20},"end":{"line":367,"column":21}}]},"54":{"loc":{"start":{"line":351,"column":28},"end":{"line":361,"column":29}},"type":"if","locations":[{"start":{"line":351,"column":28},"end":{"line":361,"column":29}},{"start":{"line":351,"column":28},"end":{"line":361,"column":29}}]},"55":{"loc":{"start":{"line":354,"column":36},"end":{"line":359,"column":37}},"type":"if","locations":[{"start":{"line":354,"column":36},"end":{"line":359,"column":37}},{"start":{"line":354,"column":36},"end":{"line":359,"column":37}}]},"56":{"loc":{"start":{"line":354,"column":40},"end":{"line":356,"column":111}},"type":"binary-expr","locations":[{"start":{"line":354,"column":40},"end":{"line":354,"column":50}},{"start":{"line":354,"column":54},"end":{"line":354,"column":76}},{"start":{"line":355,"column":43},"end":{"line":355,"column":72}},{"start":{"line":356,"column":43},"end":{"line":356,"column":111}}]},"57":{"loc":{"start":{"line":374,"column":24},"end":{"line":376,"column":25}},"type":"if","locations":[{"start":{"line":374,"column":24},"end":{"line":376,"column":25}},{"start":{"line":374,"column":24},"end":{"line":376,"column":25}}]},"58":{"loc":{"start":{"line":379,"column":24},"end":{"line":381,"column":25}},"type":"if","locations":[{"start":{"line":379,"column":24},"end":{"line":381,"column":25}},{"start":{"line":379,"column":24},"end":{"line":381,"column":25}}]},"59":{"loc":{"start":{"line":409,"column":16},"end":{"line":416,"column":17}},"type":"if","locations":[{"start":{"line":409,"column":16},"end":{"line":416,"column":17}},{"start":{"line":409,"column":16},"end":{"line":416,"column":17}}]},"60":{"loc":{"start":{"line":424,"column":16},"end":{"line":497,"column":17}},"type":"if","locations":[{"start":{"line":424,"column":16},"end":{"line":497,"column":17}},{"start":{"line":424,"column":16},"end":{"line":497,"column":17}}]},"61":{"loc":{"start":{"line":435,"column":24},"end":{"line":442,"column":25}},"type":"if","locations":[{"start":{"line":435,"column":24},"end":{"line":442,"column":25}},{"start":{"line":435,"column":24},"end":{"line":442,"column":25}}]},"62":{"loc":{"start":{"line":435,"column":28},"end":{"line":435,"column":81}},"type":"binary-expr","locations":[{"start":{"line":435,"column":28},"end":{"line":435,"column":49}},{"start":{"line":435,"column":53},"end":{"line":435,"column":81}}]},"63":{"loc":{"start":{"line":445,"column":32},"end":{"line":454,"column":33}},"type":"if","locations":[{"start":{"line":445,"column":32},"end":{"line":454,"column":33}},{"start":{"line":445,"column":32},"end":{"line":454,"column":33}}]},"64":{"loc":{"start":{"line":445,"column":36},"end":{"line":447,"column":93}},"type":"binary-expr","locations":[{"start":{"line":445,"column":36},"end":{"line":445,"column":73}},{"start":{"line":445,"column":77},"end":{"line":445,"column":114}},{"start":{"line":446,"column":39},"end":{"line":446,"column":83}},{"start":{"line":447,"column":39},"end":{"line":447,"column":93}}]},"65":{"loc":{"start":{"line":460,"column":32},"end":{"line":467,"column":33}},"type":"if","locations":[{"start":{"line":460,"column":32},"end":{"line":467,"column":33}},{"start":{"line":460,"column":32},"end":{"line":467,"column":33}}]},"66":{"loc":{"start":{"line":474,"column":24},"end":{"line":489,"column":25}},"type":"if","locations":[{"start":{"line":474,"column":24},"end":{"line":489,"column":25}},{"start":{"line":474,"column":24},"end":{"line":489,"column":25}}]},"67":{"loc":{"start":{"line":480,"column":32},"end":{"line":484,"column":48}},"type":"if","locations":[{"start":{"line":480,"column":32},"end":{"line":484,"column":48}},{"start":{"line":480,"column":32},"end":{"line":484,"column":48}}]},"68":{"loc":{"start":{"line":480,"column":36},"end":{"line":480,"column":64}},"type":"binary-expr","locations":[{"start":{"line":480,"column":36},"end":{"line":480,"column":48}},{"start":{"line":480,"column":52},"end":{"line":480,"column":64}}]},"69":{"loc":{"start":{"line":534,"column":24},"end":{"line":536,"column":25}},"type":"if","locations":[{"start":{"line":534,"column":24},"end":{"line":536,"column":25}},{"start":{"line":534,"column":24},"end":{"line":536,"column":25}}]},"70":{"loc":{"start":{"line":543,"column":32},"end":{"line":553,"column":33}},"type":"if","locations":[{"start":{"line":543,"column":32},"end":{"line":553,"column":33}},{"start":{"line":543,"column":32},"end":{"line":553,"column":33}}]},"71":{"loc":{"start":{"line":571,"column":12},"end":{"line":576,"column":84}},"type":"if","locations":[{"start":{"line":571,"column":12},"end":{"line":576,"column":84}},{"start":{"line":571,"column":12},"end":{"line":576,"column":84}}]},"72":{"loc":{"start":{"line":582,"column":12},"end":{"line":584,"column":13}},"type":"if","locations":[{"start":{"line":582,"column":12},"end":{"line":584,"column":13}},{"start":{"line":582,"column":12},"end":{"line":584,"column":13}}]},"73":{"loc":{"start":{"line":582,"column":16},"end":{"line":582,"column":142}},"type":"binary-expr","locations":[{"start":{"line":582,"column":16},"end":{"line":582,"column":29}},{"start":{"line":582,"column":33},"end":{"line":582,"column":52}},{"start":{"line":582,"column":56},"end":{"line":582,"column":77}},{"start":{"line":582,"column":81},"end":{"line":582,"column":108}},{"start":{"line":582,"column":112},"end":{"line":582,"column":142}}]},"74":{"loc":{"start":{"line":602,"column":16},"end":{"line":616,"column":80}},"type":"if","locations":[{"start":{"line":602,"column":16},"end":{"line":616,"column":80}},{"start":{"line":602,"column":16},"end":{"line":616,"column":80}}]},"75":{"loc":{"start":{"line":607,"column":20},"end":{"line":609,"column":21}},"type":"if","locations":[{"start":{"line":607,"column":20},"end":{"line":609,"column":21}},{"start":{"line":607,"column":20},"end":{"line":609,"column":21}}]},"76":{"loc":{"start":{"line":610,"column":20},"end":{"line":612,"column":21}},"type":"if","locations":[{"start":{"line":610,"column":20},"end":{"line":612,"column":21}},{"start":{"line":610,"column":20},"end":{"line":612,"column":21}}]},"77":{"loc":{"start":{"line":622,"column":12},"end":{"line":631,"column":13}},"type":"if","locations":[{"start":{"line":622,"column":12},"end":{"line":631,"column":13}},{"start":{"line":622,"column":12},"end":{"line":631,"column":13}}]},"78":{"loc":{"start":{"line":624,"column":16},"end":{"line":626,"column":17}},"type":"if","locations":[{"start":{"line":624,"column":16},"end":{"line":626,"column":17}},{"start":{"line":624,"column":16},"end":{"line":626,"column":17}}]},"79":{"loc":{"start":{"line":634,"column":12},"end":{"line":857,"column":13}},"type":"if","locations":[{"start":{"line":634,"column":12},"end":{"line":857,"column":13}},{"start":{"line":634,"column":12},"end":{"line":857,"column":13}}]},"80":{"loc":{"start":{"line":634,"column":16},"end":{"line":634,"column":49}},"type":"binary-expr","locations":[{"start":{"line":634,"column":16},"end":{"line":634,"column":31}},{"start":{"line":634,"column":35},"end":{"line":634,"column":49}}]},"81":{"loc":{"start":{"line":635,"column":16},"end":{"line":638,"column":17}},"type":"if","locations":[{"start":{"line":635,"column":16},"end":{"line":638,"column":17}},{"start":{"line":635,"column":16},"end":{"line":638,"column":17}}]},"82":{"loc":{"start":{"line":647,"column":16},"end":{"line":671,"column":17}},"type":"if","locations":[{"start":{"line":647,"column":16},"end":{"line":671,"column":17}},{"start":{"line":647,"column":16},"end":{"line":671,"column":17}}]},"83":{"loc":{"start":{"line":653,"column":24},"end":{"line":656,"column":40}},"type":"if","locations":[{"start":{"line":653,"column":24},"end":{"line":656,"column":40}},{"start":{"line":653,"column":24},"end":{"line":656,"column":40}}]},"84":{"loc":{"start":{"line":653,"column":28},"end":{"line":655,"column":26}},"type":"binary-expr","locations":[{"start":{"line":653,"column":28},"end":{"line":653,"column":49}},{"start":{"line":653,"column":53},"end":{"line":655,"column":26}}]},"85":{"loc":{"start":{"line":661,"column":21},"end":{"line":671,"column":17}},"type":"if","locations":[{"start":{"line":661,"column":21},"end":{"line":671,"column":17}},{"start":{"line":661,"column":21},"end":{"line":671,"column":17}}]},"86":{"loc":{"start":{"line":673,"column":17},"end":{"line":857,"column":13}},"type":"if","locations":[{"start":{"line":673,"column":17},"end":{"line":857,"column":13}},{"start":{"line":673,"column":17},"end":{"line":857,"column":13}}]},"87":{"loc":{"start":{"line":673,"column":21},"end":{"line":673,"column":71}},"type":"binary-expr","locations":[{"start":{"line":673,"column":21},"end":{"line":673,"column":35}},{"start":{"line":673,"column":39},"end":{"line":673,"column":53}},{"start":{"line":673,"column":57},"end":{"line":673,"column":71}}]},"88":{"loc":{"start":{"line":676,"column":16},"end":{"line":679,"column":17}},"type":"if","locations":[{"start":{"line":676,"column":16},"end":{"line":679,"column":17}},{"start":{"line":676,"column":16},"end":{"line":679,"column":17}}]},"89":{"loc":{"start":{"line":684,"column":20},"end":{"line":687,"column":21}},"type":"if","locations":[{"start":{"line":684,"column":20},"end":{"line":687,"column":21}},{"start":{"line":684,"column":20},"end":{"line":687,"column":21}}]},"90":{"loc":{"start":{"line":688,"column":20},"end":{"line":706,"column":21}},"type":"if","locations":[{"start":{"line":688,"column":20},"end":{"line":706,"column":21}},{"start":{"line":688,"column":20},"end":{"line":706,"column":21}}]},"91":{"loc":{"start":{"line":692,"column":25},"end":{"line":706,"column":21}},"type":"if","locations":[{"start":{"line":692,"column":25},"end":{"line":706,"column":21}},{"start":{"line":692,"column":25},"end":{"line":706,"column":21}}]},"92":{"loc":{"start":{"line":703,"column":25},"end":{"line":706,"column":21}},"type":"if","locations":[{"start":{"line":703,"column":25},"end":{"line":706,"column":21}},{"start":{"line":703,"column":25},"end":{"line":706,"column":21}}]},"93":{"loc":{"start":{"line":707,"column":20},"end":{"line":739,"column":21}},"type":"if","locations":[{"start":{"line":707,"column":20},"end":{"line":739,"column":21}},{"start":{"line":707,"column":20},"end":{"line":739,"column":21}}]},"94":{"loc":{"start":{"line":708,"column":24},"end":{"line":734,"column":25}},"type":"if","locations":[{"start":{"line":708,"column":24},"end":{"line":734,"column":25}},{"start":{"line":708,"column":24},"end":{"line":734,"column":25}}]},"95":{"loc":{"start":{"line":715,"column":32},"end":{"line":731,"column":33}},"type":"if","locations":[{"start":{"line":715,"column":32},"end":{"line":731,"column":33}},{"start":{"line":715,"column":32},"end":{"line":731,"column":33}}]},"96":{"loc":{"start":{"line":716,"column":36},"end":{"line":720,"column":37}},"type":"if","locations":[{"start":{"line":716,"column":36},"end":{"line":720,"column":37}},{"start":{"line":716,"column":36},"end":{"line":720,"column":37}}]},"97":{"loc":{"start":{"line":717,"column":40},"end":{"line":719,"column":41}},"type":"if","locations":[{"start":{"line":717,"column":40},"end":{"line":719,"column":41}},{"start":{"line":717,"column":40},"end":{"line":719,"column":41}}]},"98":{"loc":{"start":{"line":721,"column":36},"end":{"line":725,"column":37}},"type":"if","locations":[{"start":{"line":721,"column":36},"end":{"line":725,"column":37}},{"start":{"line":721,"column":36},"end":{"line":725,"column":37}}]},"99":{"loc":{"start":{"line":722,"column":40},"end":{"line":724,"column":41}},"type":"if","locations":[{"start":{"line":722,"column":40},"end":{"line":724,"column":41}},{"start":{"line":722,"column":40},"end":{"line":724,"column":41}}]},"100":{"loc":{"start":{"line":726,"column":36},"end":{"line":730,"column":37}},"type":"if","locations":[{"start":{"line":726,"column":36},"end":{"line":730,"column":37}},{"start":{"line":726,"column":36},"end":{"line":730,"column":37}}]},"101":{"loc":{"start":{"line":727,"column":40},"end":{"line":729,"column":41}},"type":"if","locations":[{"start":{"line":727,"column":40},"end":{"line":729,"column":41}},{"start":{"line":727,"column":40},"end":{"line":729,"column":41}}]},"102":{"loc":{"start":{"line":742,"column":17},"end":{"line":857,"column":13}},"type":"if","locations":[{"start":{"line":742,"column":17},"end":{"line":857,"column":13}},{"start":{"line":742,"column":17},"end":{"line":857,"column":13}}]},"103":{"loc":{"start":{"line":745,"column":16},"end":{"line":748,"column":17}},"type":"if","locations":[{"start":{"line":745,"column":16},"end":{"line":748,"column":17}},{"start":{"line":745,"column":16},"end":{"line":748,"column":17}}]},"104":{"loc":{"start":{"line":753,"column":20},"end":{"line":756,"column":21}},"type":"if","locations":[{"start":{"line":753,"column":
[...]
line":795,"column":33},"end":{"line":829,"column":29}},"type":"if","locations":[{"start":{"line":795,"column":33},"end":{"line":829,"column":29}},{"start":{"line":795,"column":33},"end":{"line":829,"column":29}}]},"115":{"loc":{"start":{"line":796,"column":32},"end":{"line":817,"column":33}},"type":"if","locations":[{"start":{"line":796,"column":32},"end":{"line":817,"column":33}},{"start":{"line":796,"column":32},"end":{"line":817,"column":33}}]},"116":{"loc":{"start":{"line":800,"column":40},"end":{"line":804,"column":41}},"type":"if","locations":[{"start":{"line":800,"column":40},"end":{"line":804,"column":41}},{"start":{"line":800,"column":40},"end":{"line":804,"column":41}}]},"117":{"loc":{"start":{"line":801,"column":44},"end":{"line":803,"column":45}},"type":"if","locations":[{"start":{"line":801,"column":44},"end":{"line":803,"column":45}},{"start":{"line":801,"column":44},"end":{"line":803,"column":45}}]},"118":{"loc":{"start":{"line":811,"column":40},"end":{"line":815,"column":41}},"type":"if","locations":[{"start":{"line":811,"column":40},"end":{"line":815,"column":41}},{"start":{"line":811,"column":40},"end":{"line":815,"column":41}}]},"119":{"loc":{"start":{"line":812,"column":44},"end":{"line":814,"column":45}},"type":"if","locations":[{"start":{"line":812,"column":44},"end":{"line":814,"column":45}},{"start":{"line":812,"column":44},"end":{"line":814,"column":45}}]},"120":{"loc":{"start":{"line":819,"column":33},"end":{"line":829,"column":29}},"type":"if","locations":[{"start":{"line":819,"column":33},"end":{"line":829,"column":29}},{"start":{"line":819,"column":33},"end":{"line":829,"column":29}}]},"121":{"loc":{"start":{"line":823,"column":36},"end":{"line":827,"column":37}},"type":"if","locations":[{"start":{"line":823,"column":36},"end":{"line":827,"column":37}},{"start":{"line":823,"column":36},"end":{"line":827,"column":37}}]},"122":{"loc":{"start":{"line":824,"column":40},"end":{"line":826,"column":41}},"type":"if","locations":[{"start":{"line":824,"column":40},"end":{"line":826,"column":41}},{"start":{"line":824,"column":40},"end":{"line":826,"column":41}}]},"123":{"loc":{"start":{"line":839,"column":17},"end":{"line":857,"column":13}},"type":"if","locations":[{"start":{"line":839,"column":17},"end":{"line":857,"column":13}},{"start":{"line":839,"column":17},"end":{"line":857,"column":13}}]},"124":{"loc":{"start":{"line":842,"column":16},"end":{"line":845,"column":17}},"type":"if","locations":[{"start":{"line":842,"column":16},"end":{"line":845,"column":17}},{"start":{"line":842,"column":16},"end":{"line":845,"column":17}}]},"125":{"loc":{"start":{"line":849,"column":16},"end":{"line":856,"column":17}},"type":"if","locations":[{"start":{"line":849,"column":16},"end":{"line":856,"column":17}},{"start":{"line":849,"column":16},"end":{"line":856,"column":17}}]},"126":{"loc":{"start":{"line":860,"column":12},"end":{"line":862,"column":13}},"type":"if","locations":[{"start":{"line":860,"column":12},"end":{"line":862,"column":13}},{"start":{"line":860,"column":12},"end":{"line":862,"column":13}}]},"127":{"loc":{"start":{"line":860,"column":16},"end":{"line":860,"column":69}},"type":"binary-expr","locations":[{"start":{"line":860,"column":16},"end":{"line":860,"column":42}},{"start":{"line":860,"column":46},"end":{"line":860,"column":69}}]},"128":{"loc":{"start":{"line":868,"column":16},"end":{"line":870,"column":17}},"type":"if","locations":[{"start":{"line":868,"column":16},"end":{"line":870,"column":17}},{"start":{"line":868,"column":16},"end":{"line":870,"column":17}}]},"129":{"loc":{"start":{"line":871,"column":16},"end":{"line":876,"column":17}},"type":"if","locations":[{"start":{"line":871,"column":16},"end":{"line":876,"column":17}},{"start":{"line":871,"column":16},"end":{"line":876,"column":17}}]},"130":{"loc":{"start":{"line":874,"column":21},"end":{"line":876,"column":17}},"type":"if","locations":[{"start":{"line":874,"column":21},"end":{"line":876,"column":17}},{"start":{"line":874,"column":21},"end":{"line":876,"column":17}}]},"131":{"loc":{"start":{"line":879,"column":12},"end":{"line":881,"column":13}},"type":"if","locations":[{"start":{"line":879,"column":12},"end":{"line":881,"column":13}},{"start":{"line":879,"column":12},"end":{"line":881,"column":13}}]},"132":{"loc":{"start":{"line":883,"column":12},"end":{"line":897,"column":30}},"type":"if","locations":[{"start":{"line":883,"column":12},"end":{"line":897,"column":30}},{"start":{"line":883,"column":12},"end":{"line":897,"column":30}}]},"133":{"loc":{"start":{"line":884,"column":16},"end":{"line":894,"column":17}},"type":"if","locations":[{"start":{"line":884,"column":16},"end":{"line":894,"column":17}},{"start":{"line":884,"column":16},"end":{"line":894,"column":17}}]},"134":{"loc":{"start":{"line":888,"column":20},"end":{"line":893,"column":21}},"type":"if","locations":[{"start":{"line":888,"column":20},"end":{"line":893,"column":21}},{"start":{"line":888,"column":20},"end":{"line":893,"column":21}}]},"135":{"loc":{"start":{"line":904,"column":20},"end":{"line":906,"column":21}},"type":"if","locations":[{"start":{"line":904,"column":20},"end":{"line":906,"column":21}},{"start":{"line":904,"column":20},"end":{"line":906,"column":21}}]},"136":{"loc":{"start":{"line":908,"column":16},"end":{"line":911,"column":17}},"type":"if","locations":[{"start":{"line":908,"column":16},"end":{"line":911,"column":17}},{"start":{"line":908,"column":16},"end":{"line":911,"column":17}}]},"137":{"loc":{"start":{"line":930,"column":12},"end":{"line":951,"column":13}},"type":"if","locations":[{"start":{"line":930,"column":12},"end":{"line":951,"column":13}},{"start":{"line":930,"column":12},"end":{"line":951,"column":13}}]},"138":{"loc":{"start":{"line":931,"column":16},"end":{"line":950,"column":32}},"type":"if","locations":[{"start":{"line":931,"column":16},"end":{"line":950,"column":32}},{"start":{"line":931,"column":16},"end":{"line":950,"column":32}}]},"139":{"loc":{"start":{"line":936,"column":21},"end":{"line":950,"column":32}},"type":"if","locations":[{"start":{"line":936,"column":21},"end":{"line":950,"column":32}},{"start":{"line":936,"column":21},"end":{"line":950,"column":32}}]},"140":{"loc":{"start":{"line":940,"column":24},"end":{"line":942,"column":25}},"type":"if","locations":[{"start":{"line":940,"column":24},"end":{"line":942,"column":25}},{"start":{"line":940,"column":24},"end":{"line":942,"column":25}}]},"141":{"loc":{"start":{"line":943,"column":24},"end":{"line":945,"column":25}},"type":"if","locations":[{"start":{"line":943,"column":24},"end":{"line":945,"column":25}},{"start":{"line":943,"column":24},"end":{"line":945,"column":25}}]}},"s":{"0":1,"1":1,"2":1,"3":1,"4":0,"5":1,"6":1,"7":1,"8":1,"9":1,"10":1,"11":1,"12":1,"13":1,"14":1,"15":2,"16":1,"17":1,"18":1,"19":1,"20":1,"21":0,"22":1,"23":1,"24":0,"25":0,"26":0,"27":0,"28":0,"29":0,"30":0,"31":0,"32":0,"33":0,"34":0,"35":0,"36":0,"37":0,"38":0,"39":0,"40":0,"41":0,"42":0,"43":0,"44":0,"45":0,"46":0,"47":0,"48":0,"49":0,"50":0,"51":0,"52":0,"53":0,"54":0,"55":0,"56":0,"57":0,"58":0,"59":0,"60":0,"61":0,"62":0,"63":0,"64":0,"65":0,"66":0,"67":0,"68":0,"69":0,"70":0,"71":0,"72":0,"73":0,"74":0,"75":0,"76":0,"77":0,"78":0,"79":0,"80":0,"81":0,"82":0,"83":0,"84":0,"85":0,"86":0,"87":0,"88":0,"89":0,"90":0,"91":0,"92":0,"93":0,"94":0,"95":0,"96":0,"97":0,"98":0,"99":0,"100":0,"101":0,"102":0,"103":0,"104":0,"105":0,"106":0,"107":0,"108":0,"109":0,"110":0,"111":0,"112":0,"113":0,"114":0,"115":0,"116":0,"117":0,"118":0,"119":0,"120":0,"121":0,"122":0,"123":0,"124":0,"125":0,"126":0,"127":0,"128":0,"129":0,"130":0,"131":0,"132":0,"133":0,"134":0,"135":0,"136":0,"137":0,"138":0,"139":0,"140":0,"141":0,"142":0,"143":0,"144":0,"145":0,"146":0,"147":0,"148":0,"149":0,"150":0,"151":0,"152":0,"153":0,"154":0,"155":0,"156":0,"157":0,"158":0,"159":0,"160":0,"161":0,"162":0,"163":0,"164":0,"165":0,"166":0,"167":0,"168":0,"169":0,"170":0,"171":0,"172":0,"173":0,"174":0,"175":0,"176":0,"177":0,"178":0,"179":0,"180":0,"181":0,"182":0,"183":0,"184":0,"185":0,"186":0,"187":0,"188":0,"189":0,"190":0,"191":0,"192":0,"193":0,"194":0,"195":0,"196":0,"197":0,"198":0,"199":1,"200":1,"201":1,"202":1,"203":1,"204":1,"205":0,"206":1,"207":1,"208":1,"209":1,"210":1,"211":1,"212":1,"213":1,"214":149,"215":149,"216":74,"217":814,"218":814,"219":74,"220":74,"221":1,"222":0,"223":1,"224":1,"225":1,"226":76,"227":76,"228":76,"229":1,"230":1,"231":0,"232":1,"233":1,"234":1,"235":76,"236":1,"237":396,"238":1,"239":1,"240":0,"241":0,"242":0,"243":0,"244":0,"245":1781,"246":1781,"247":1,"248":1,"249":1,"250":1780,"251":1781,"252":76,"253":76,"254":76,"255":76,"256":74,"257":74,"258":74,"259":74,"260":74,"261":74,"262":44,"263":44,"264":44,"265":30,"266":86333,"267":86333,"268":44,"269":44,"270":44,"271":86289,"272":86333,"273":130228,"274":130198,"275":44,"276":44,"277":44,"278":130154,"279":130228,"280":74,"281":74,"282":30,"283":44,"284":44,"285":44,"286":44,"287":0,"288":0,"289":0,"290":2,"291":44,"292":44,"293":44,"294":44,"295":44,"296":364,"297":364,"298":364,"299":364,"300":364,"301":364,"302":364,"303":364,"304":44,"305":44,"306":44,"307":44,"308":44,"309":44,"310":44,"311":0,"312":44,"313":44,"314":44,"315":44,"316":44,"317":44,"318":44,"319":44,"320":0,"321":44,"322":364,"323":364,"324":364,"325":44,"326":0,"327":0,"328":0,"329":1,"330":0,"331":0,"332":0,"333":0,"334":0,"335":1,"336":1,"337":1,"338":0,"339":1,"340":1,"341":0,"342":0,"343":1,"344":1,"345":1,"346":1,"347":1,"348":1,"349":1,"350":1,"351":1,"352":1,"353":1,"354":1,"355":1,"356":0,"357":1,"358":0,"359":1,"360":0,"361":0,"362":0,"363":1,"364":1,"365":1,"366":0,"367":1,"368":0,"369":1,"370":0,"371":0,"372":0,"373":0,"374":0,"375":0,"376":0,"377":0,"378":0,"379":0,"380":0,"381":0,"382":0,"383":0,"384":0,"385":0,"386":0,"387":0,"388":0,"389":0,"390":0,"391":0,"392":0,"393":0,"394":0,"395":0,"396":0,"397":1,"398":0,"399":0,"400":0,"401":0,"402":0,"403":0,"404":0,"405":0,"406":0,"407":0,"408":0,"409":0,"410":0,"411":0,"412":0,"413":0,"414":0,"415":0,"416":0,"417":0,"418":0,"419":0,"420":0,"421":0,"422":0,"423":0,"424":0,"425":0,"426":0,"427":0,"428":0,"429":0,"430":0,"431":0,"432":0,"433":0,"434":0,"435":0,"436":0,"437":0,"438":0,"439":0,"440":0,"441":0,"442":1,"443":1,"444":1,"445":1,"446":0,"447":0,"448":1,"449":1,"450":1,"451":1,"452":1,"453":0,"454":0,"455":1,"456":0,"457":0,"458":1,"459":1,"460":1,"461":1,"462":1,"463":0,"464":0,"465":0,"466":0,"467":0,"468":1,"469":1,"470":0,"471":0,"472":1,"473":1,"474":1,"475":1,"476":0,"477":0,"478":0,"479":0,"480":0,"481":1,"482":1,"483":1,"484":1,"485":364,"486":364,"487":364,"488":26,"489":0,"490":0,"491":0,"492":0,"493":0,"494":0,"495":0,"496":0,"497":0,"498":0,"499":0,"500":0,"501":0,"502":1,"503":0,"504":0,"505":0,"506":0,"507":0,"508":0,"509":0,"510":0,"511":0,"512":0,"513":0,"514":0,"515":0,"516":0,"517":0,"518":0,"519":0,"520":1,"521":0,"522":1,"523":1,"524":2,"525":2,"526":2,"527":2,"528":0,"529":2,"530":0,"531":2,"532":0,"533":2,"534":1,"535":0,"536":1,"537":0,"538":0,"539":0,"540":0,"541":0,"542":1,"543":1,"544":1,"545":26,"546":26,"547":26,"548":52,"549":52,"550":52,"551":26,"552":26,"553":26,"554":1,"555":1,"556":1,"557":26,"558":26,"559":26,"560":52,"561":26,"562":1,"563":52,"564":52,"565":52,"566":1,"567":0,"568":0,"569":0,"570":0,"571":0,"572":0,"573":0,"574":0,"575":0,"576":0,"577":0,"578":0,"579":0,"580":1,"581":1,"582":1,"583":1,"584":1},"f":{"0":1,"1":2,"2":1,"3":1,"4":0,"5":0,"6":0,"7":0,"8":0,"9":0,"10":0,"11":0,"12":0,"13":0,"14":0,"15":0,"16":1,"17":1,"18":1,"19":1,"20":1,"21":76,"22":1,"23":396,"24":0,"25":0,"26":1781,"27":76,"28":76,"29":74,"30":74,"31":86333,"32":130228,"33":74,"34":44,"35":0,"36":0,"37":44,"38":44,"39":44,"40":44,"41":44,"42":0,"43":0,"44":0,"45":1,"46":1,"47":0,"48":1,"49":0,"50":0,"51":0,"52":0,"53":1,"54":52,"55":0,"56":0},"b":{"0":[0,1],"1":[0,1],"2":[0,1],"3":[0,0],"4":[0,0],"5":[0,0],"6":[0,0],"7":[0,0],"8":[0,0],"9":[0,0],"10":[0,0],"11":[0,0],"12":[0,0],"13":[0,0],"14":[0,0],"15":[0,0],"16":[0,0],"17":[0,0],"18":[0,0],"19":[0,0],"20":[0,0],"21":[0,0],"22":[0,0],"23":[0,0],"24":[0,0],"25":[0,0],"26":[0,0],"27":[0,0],"28":[0,0],"29":[0,0],"30":[0,0],"31":[0,0],"32":[0,0],"33":[0,0],"34":[0,0],"35":[0,0],"36":[0,0],"37":[0,0],"38":[0,0],"39":[0,0],"40":[0,0],"41":[0,0],"42":[0,0],"43":[0,0],"44":[0,0],"45":[0,0],"46":[0,0],"47":[0,0],"48":[0,0],"49":[0,0],"50":[0,0],"51":[1,0],"52":[1,0],"53":[1,0],"54":[74,75],"55":[74,740],"56":[814,370,370,370],"57":[76,0],"58":[0,1],"59":[1,1780],"60":[74,2],"61":[44,30],"62":[74,44],"63":[44,86289],"64":[86333,5152,4315,3567],"65":[44,130154],"66":[30,44],"67":[44,0],"68":[44,44],"69":[0,44],"70":[0,44],"71":[0,0],"72":[0,1],"73":[1,1,1,1,1],"74":[1,0],"75":[0,1],"76":[0,1],"77":[1,0],"78":[0,1],"79":[0,1],"80":[1,1],"81":[0,0],"82":[0,0],"83":[0,0],"84":[0,0],"85":[0,0],"86":[0,1],"87":[1,1,1],"88":[0,0],"89":[0,0],"90":[0,0],"91":[0,0],"92":[0,0],"93":[0,0],"94":[0,0],"95":[0,0],"96":[0,0],"97":[0,0],"98":[0,0],"99":[0,0],"100":[0,0],"101":[0,0],"102":[1,0],"103":[0,1],"104":[0,1],"105":[0,1],"106":[1,0],"107":[0,0],"108":[1,0],"109":[0,1],"110":[0,1],"111":[1,0],"112":[0,0],"113":[0,0],"114":[1,0],"115":[1,0],"116":[364,0],"117":[26,338],"118":[0,0],"119":[0,0],"120":[0,0],"121":[0,0],"122":[0,0],"123":[0,0],"124":[0,0],"125":[0,0],"126":[0,1],"127":[1,1],"128":[0,2],"129":[0,2],"130":[0,2],"131":[0,1],"132":[0,1],"133":[0,0],"134":[0,0],"135":[52,0],"136":[26,0],"137":[0,1],"138":[0,0],"139":[0,0],"140":[0,0],"141":[0,0]},"_coverageSchema":"332fd63041d2c1bcb487cc26dd0d5f7d97098a6c","hash":"7ef34dfe119a2a18424ce959e7c8c8b663f03246","contentHash":"9e716305fccf74617fa91220b75cdee4_10.0.0"},"/Users/craigyu/Documents/School/CPSC 310/cpsc310project_team188/src/rest/Server.js":{"path":"/Users/craigyu/Documents/School/CPSC 310/cpsc310project_team188/src/rest/Server.js","statementMap":{"0":{"start":{"line":2,"column":14},"end":{"line":2,"column":32}},"1":{"start":{"line":3,"column":13},"end":{"line":3,"column":31}},"2":{"start":{"line":4,"column":14},"end":{"line":68,"column":3}},"3":{"start":{"line":6,"column":8},"end":{"line":6,"column":62}},"4":{"start":{"line":7,"column":8},"end":{"line":7,"column":25}},"5":{"start":{"line":9,"column":4},"end":{"line":17,"column":6}},"6":{"start":{"line":10,"column":8},"end":{"line":10,"column":47}},"7":{"start":{"line":11,"column":19},"end":{"line":11,"column":23}},"8":{"start":{"line":12,"column":8},"end":{"line":16,"column":11}},"9":{"start":{"line":13,"column":12},"end":{"line":15,"column":15}},"10":{"start":{"line":14,"column":16},"end":{"line":14,"column":30}},"11":{"start":{"line":18,"column":4},"end":{"line":45,"column":6}},"12":{"start":{"line":19,"column":19},"end":{"line":19,"column":23}},"13":{"start":{"line":20,"column":8},"end":{"line":44,"column":11}},"14":{"start":{"line":21,"column":12},"end":{"line":43,"column":13}},"15":{"start":{"line":22,"column":16},"end":{"line":22,"column":63}},"16":{"start":{"line":23,"column":16},"end":{"line":25,"column":19}},"17":{"start":{"line":26,"column":16},"end":{"line":29,"column":19}},"18":{"start":{"line":27,"column":20},"end":{"line":27,"column":34}},"19":{"start":{"line":28,"column":20},"end":{"line":28,"column":34}},"20":{"start":{"line":30,"column":16},"end":{"line":30,"column":57}},"21":{"start":{"line":31,"column":16},"end":{"line":34,"column":19}},"22":{"start":{"line":32,"column":20},"end":{"line":32,"column":97}},"23":{"start":{"line":33,"column":20},"end":{"line":33,"column":34}},"24":{"start":{"line":35,"column":16},"end":{"line":38,"column":19}},"25":{"start":{"line":36,"column":20},"end":{"line":36,"column":83}},"26":{"start":{"line":37,"column":20},"end":{"line":37,"column":32}},"27":{"start":{"line":41,"column":16},"end":{"line":41,"column":72}},"28":{"start":{"line":42,"column":16},"end":{"line":42,"column":28}},"29":{"start":{"line":46,"column":4},"end":{"line":58,"column":6}},"30":{"start":{"line":47,"column":8},"end":{"line":47,"column":89}},"31":{"start":{"line":48,"column":8},"end":{"line":56,"column":9}},"32":{"start":{"line":49,"column":25},"end":{"line":49,"column":59}},"33":{"start":{"line":50,"column":12},"end":{"line":50,"column":80}},"34":{"start":{"line":51,"column":12},"end":{"line":51,"column":47}},"35":{"start":{"line":54,"column":12},"end":{"line":54,"column":70}},"36":{"start":{"line":55,"column":12},"end":{"line":55,"column":50}},"37":{"start":{"line":57,"column":8},"end":{"line":57,"column":22}},"38":{"start":{"line":59,"column":4},"end":{"line":66,"column":6}},"39":{"start":{"line":60,"column":8},"end":{"line":65,"column":9}},"40":{"start":{"line":61,"column":12},"end":{"line":61,"column":71}},"41":{"start":{"line":64,"column":12},"end":{"line":64,"column":74}},"42":{"start":{"line":67,"column":4},"end":{"line":67,"column":18}},"43":{"start":{"line":69,"column":0},"end":{"line":69,"column":62}},"44":{"start":{"line":70,"column":0},"end":{"line":70,"column":25}}},"fnMap":{"0":{"name":"(anonymous_0)","decl":{"start":{"line":4,"column":14},"end":{"line":4,"column":15}},"loc":{"start":{"line":4,"column":26},"end":{"line":68,"column":1}}},"1":{"name":"Server","decl":{"start":{"line":5,"column":13},"end":{"line":5,"column":19}},"loc":{"start":{"line":5,"column":26},"end":{"line":8,"column":5}}},"2":{"name":"(anonymous_2)","decl":{"start":{"line":9,"column":28},"end":{"line":9,"column":29}},"loc":{"start":{"line":9,"column":40},"end":{"line":17,"column":5}}},"3":{"name":"(anonymous_3)","decl":{"start":{"line":12,"column":27},"end":{"line":12,"column":28}},"loc":{"start":{"line":12,"column":46},"end":{"line":16,"column":9}}},"4":{"name":"(anonymous_4)","decl":{"start":{"line":13,"column":28},"end":{"line":13,"column":29}},"loc":{"start":{"line":13,"column":40},"end":{"line":15,"column":13}}},"5":{"name":"(anonymous_5)","decl":{"start":{"line":18,"column":29},"end":{"line":18,"column":30}},"loc":{"start":{"line":18,"column":41},"end":{"line":45,"column":5}}},"6":{"name":"(anonymous_6)","decl":{"start":{"line":20,"column":27},"end":{"line":20,"column":28}},"loc":{"start":{"line":20,"column":54},"end":{"line":44,"column":9}}},"7":{"name":"(anonymous_7)","decl":{"start":{"line":26,"column":35},"end":{"line":26,"column":36}},"loc":{"start":{"line":26,"column":61},"end":{"line":29,"column":17}}},"8":{"name":"(anonymous_8)","decl":{"start":{"line":31,"column":44},"end":{"line":31,"column":45}},"loc":{"start":{"line":31,"column":56},"end":{"line":34,"column":17}}},"9":{"name":"(anonymous_9)","decl":{"start":{"line":35,"column":38},"end":{"line":35,"column":39}},"loc":{"start":{"line":35,"column":53},"end":{"line":38,"column":17}}},"10":{"name":"(anonymous_10)","decl":{"start":{"line":46,"column":18},"end":{"line":46,"column":19}},"loc":{"start":{"line":46,"column":44},"end":{"line":58,"column":5}}},"11":{"name":"(anonymous_11)","decl":{"start":{"line":59,"column":25},"end":{"line":59,"column":26}},"loc":{"start":{"line":59,"column":40},"end":{"line":66,"column":5}}}},"branchMap":{"0":{"loc":{"start":{"line":60,"column":8},"end":{"line":65,"column":9}},"type":"if","locations":[{"start":{"line":60,"column":8},"end":{"line":65,"column":9}},{"start":{"line":60,"column":8},"end":{"line":65,"column":9}}]},"1":{"loc":{"start":{"line":60,"column":12},"end":{"line":60,"column":54}},"type":"binary-expr","locations":[{"start":{"line":60,"column":12},"end":{"line":60,"column":38}},{"start":{"line":60,"column":42},"end":{"line":60,"column":54}}]}},"s":{"0":1,"1":1,"2":1,"3":0,"4":0,"5":1,"6":0,"7":0,"8":0,"9":0,"10":0,"11":1,"12":0,"13":0,"14":0,"15":0,"16":0,"17":0,"18":0,"19":0,"20":0,"21":0,"22":0,"23":0,"24":0,"25":0,"26":0,"27":0,"28":0,"29":1,"30":0,"31":0,"32":0,"33":0,"34":0,"35":0,"36":0,"37":0,"38":1,"39":0,"40":0,"41":0,"42":1,"43":1,"44":1},"f":{"0":1,"1":0,"2":0,"3":0,"4":0,"5":0,"6":0,"7":0,"8":0,"9":0,"10":0,"11":0},"b":{"0":[0,0],"1":[0,0]},"_coverageSchema":"332fd63041d2c1bcb487cc26dd0d5f7d97098a6c","hash":"8a3dedbcc0911425d44b6f987aad9e7124b6e92d","contentHash":"88e6c26a0aa654b30128ad243559c63f_10.0.0"}}